<?xml version="1.0" encoding="UTF-8"?>
<coverage generated="1742486131297" clover="3.2.0">
  <project timestamp="1742486131297" name="All files">
    <metrics statements="489" coveredstatements="379" conditionals="223" coveredconditionals="127" methods="143" coveredmethods="125" elements="855" coveredelements="631" complexity="0" loc="489" ncloc="489" packages="2" files="6" classes="6"/>
    <package name="sdk">
      <metrics statements="397" coveredstatements="339" conditionals="152" coveredconditionals="112" methods="126" coveredmethods="113"/>
      <file name="Card.ts" path="/Users/lime/Code/chinese-poker/src/sdk/Card.ts">
        <metrics statements="41" coveredstatements="41" conditionals="14" coveredconditionals="14" methods="13" coveredmethods="13"/>
        <line num="4" count="6" type="cond" truecount="2" falsecount="0"/>
        <line num="5" count="6" type="stmt"/>
        <line num="6" count="6" type="stmt"/>
        <line num="7" count="6" type="stmt"/>
        <line num="8" count="6" type="stmt"/>
        <line num="14" count="6" type="cond" truecount="2" falsecount="0"/>
        <line num="15" count="6" type="stmt"/>
        <line num="16" count="6" type="stmt"/>
        <line num="17" count="6" type="stmt"/>
        <line num="18" count="6" type="stmt"/>
        <line num="19" count="6" type="stmt"/>
        <line num="20" count="6" type="stmt"/>
        <line num="21" count="6" type="stmt"/>
        <line num="22" count="6" type="stmt"/>
        <line num="23" count="6" type="stmt"/>
        <line num="24" count="6" type="stmt"/>
        <line num="25" count="6" type="stmt"/>
        <line num="26" count="6" type="stmt"/>
        <line num="27" count="6" type="stmt"/>
        <line num="33" count="6" type="stmt"/>
        <line num="52" count="6" type="cond" truecount="2" falsecount="0"/>
        <line num="53" count="6" type="stmt"/>
        <line num="54" count="6" type="stmt"/>
        <line num="64" count="2192" type="stmt"/>
        <line num="75" count="2192" type="cond" truecount="2" falsecount="0"/>
        <line num="76" count="2104" type="stmt"/>
        <line num="77" count="2104" type="stmt"/>
        <line num="79" count="88" type="stmt"/>
        <line num="87" count="5101" type="cond" truecount="1" falsecount="0"/>
        <line num="88" count="142" type="cond" truecount="2" falsecount="0"/>
        <line num="90" count="4959" type="stmt"/>
        <line num="97" count="5150" type="stmt"/>
        <line num="104" count="67" type="stmt"/>
        <line num="111" count="28" type="stmt"/>
        <line num="118" count="110" type="stmt"/>
        <line num="125" count="3" type="cond" truecount="1" falsecount="0"/>
        <line num="126" count="2" type="cond" truecount="2" falsecount="0"/>
        <line num="128" count="1" type="stmt"/>
        <line num="135" count="107" type="stmt"/>
        <line num="142" count="169" type="stmt"/>
        <line num="149" count="5" type="stmt"/>
      </file>
      <file name="CardCombo.ts" path="/Users/lime/Code/chinese-poker/src/sdk/CardCombo.ts">
        <metrics statements="184" coveredstatements="149" conditionals="99" coveredconditionals="73" methods="56" coveredmethods="49"/>
        <line num="6" count="3" type="cond" truecount="2" falsecount="0"/>
        <line num="7" count="3" type="stmt"/>
        <line num="8" count="3" type="stmt"/>
        <line num="9" count="3" type="stmt"/>
        <line num="10" count="3" type="stmt"/>
        <line num="11" count="3" type="stmt"/>
        <line num="12" count="3" type="stmt"/>
        <line num="13" count="3" type="stmt"/>
        <line num="14" count="3" type="stmt"/>
        <line num="15" count="3" type="stmt"/>
        <line num="16" count="3" type="stmt"/>
        <line num="17" count="3" type="stmt"/>
        <line num="18" count="3" type="stmt"/>
        <line num="19" count="3" type="stmt"/>
        <line num="20" count="3" type="stmt"/>
        <line num="21" count="3" type="stmt"/>
        <line num="22" count="3" type="stmt"/>
        <line num="29" count="55" type="stmt"/>
        <line num="30" count="55" type="stmt"/>
        <line num="31" count="55" type="stmt"/>
        <line num="34" count="55" type="stmt"/>
        <line num="35" count="55" type="cond" truecount="2" falsecount="0"/>
        <line num="36" count="34" type="stmt"/>
        <line num="38" count="21" type="stmt"/>
        <line num="46" count="0" type="stmt"/>
        <line num="47" count="0" type="cond" truecount="0" falsecount="2"/>
        <line num="48" count="0" type="stmt"/>
        <line num="50" count="0" type="stmt"/>
        <line num="58" count="6" type="stmt"/>
        <line num="65" count="38" type="stmt"/>
        <line num="72" count="13" type="stmt"/>
        <line num="79" count="3" type="stmt"/>
        <line num="86" count="4" type="stmt"/>
        <line num="94" count="21" type="cond" truecount="0" falsecount="1"/>
        <line num="95" count="0" type="stmt"/>
        <line num="99" count="21" type="stmt"/>
        <line num="102" count="21" type="cond" truecount="2" falsecount="0"/>
        <line num="103" count="2" type="stmt"/>
        <line num="104" count="2" type="stmt"/>
        <line num="105" count="19" type="cond" truecount="2" falsecount="0"/>
        <line num="106" count="3" type="stmt"/>
        <line num="107" count="3" type="stmt"/>
        <line num="108" count="16" type="cond" truecount="2" falsecount="0"/>
        <line num="109" count="6" type="stmt"/>
        <line num="110" count="6" type="stmt"/>
        <line num="111" count="10" type="cond" truecount="2" falsecount="0"/>
        <line num="112" count="2" type="stmt"/>
        <line num="113" count="2" type="stmt"/>
        <line num="114" count="8" type="cond" truecount="2" falsecount="0"/>
        <line num="115" count="1" type="stmt"/>
        <line num="116" count="1" type="stmt"/>
        <line num="117" count="7" type="cond" truecount="2" falsecount="0"/>
        <line num="118" count="1" type="stmt"/>
        <line num="119" count="1" type="stmt"/>
        <line num="120" count="6" type="cond" truecount="1" falsecount="1"/>
        <line num="121" count="0" type="stmt"/>
        <line num="122" count="0" type="stmt"/>
        <line num="123" count="6" type="cond" truecount="2" falsecount="0"/>
        <line num="124" count="2" type="stmt"/>
        <line num="125" count="10" type="stmt"/>
        <line num="126" count="4" type="cond" truecount="2" falsecount="0"/>
        <line num="127" count="1" type="stmt"/>
        <line num="128" count="6" type="stmt"/>
        <line num="129" count="3" type="cond" truecount="2" falsecount="0"/>
        <line num="130" count="1" type="stmt"/>
        <line num="132" count="1" type="stmt"/>
        <line num="133" count="6" type="stmt"/>
        <line num="134" count="2" type="cond" truecount="2" falsecount="0"/>
        <line num="135" count="1" type="stmt"/>
        <line num="136" count="1" type="stmt"/>
        <line num="137" count="6" type="stmt"/>
        <line num="138" count="1" type="cond" truecount="1" falsecount="1"/>
        <line num="139" count="0" type="stmt"/>
        <line num="140" count="0" type="stmt"/>
        <line num="141" count="0" type="stmt"/>
        <line num="142" count="1" type="cond" truecount="1" falsecount="1"/>
        <line num="143" count="0" type="stmt"/>
        <line num="144" count="0" type="stmt"/>
        <line num="145" count="1" type="cond" truecount="1" falsecount="1"/>
        <line num="146" count="0" type="stmt"/>
        <line num="147" count="0" type="stmt"/>
        <line num="149" count="1" type="stmt"/>
        <line num="150" count="1" type="stmt"/>
        <line num="158" count="21" type="stmt"/>
        <line num="160" count="21" type="stmt"/>
        <line num="161" count="65" type="stmt"/>
        <line num="162" count="65" type="cond" truecount="1" falsecount="0"/>
        <line num="163" count="39" type="stmt"/>
        <line num="165" count="65" type="stmt"/>
        <line num="168" count="21" type="stmt"/>
        <line num="175" count="21" type="cond" truecount="3" falsecount="0"/>
        <line num="176" count="7" type="stmt"/>
        <line num="184" count="19" type="cond" truecount="2" falsecount="0"/>
        <line num="191" count="16" type="stmt"/>
        <line num="198" count="10" type="cond" truecount="2" falsecount="0"/>
        <line num="205" count="8" type="cond" truecount="2" falsecount="0"/>
        <line num="212" count="7" type="cond" truecount="3" falsecount="0"/>
        <line num="221" count="6" type="cond" truecount="2" falsecount="2"/>
        <line num="231" count="6" type="cond" truecount="1" falsecount="0"/>
        <line num="234" count="30" type="cond" truecount="2" falsecount="1"/>
        <line num="235" count="0" type="stmt"/>
        <line num="239" count="30" type="stmt"/>
        <line num="242" count="5" type="stmt"/>
        <line num="243" count="12" type="cond" truecount="1" falsecount="0"/>
        <line num="244" count="3" type="stmt"/>
        <line num="248" count="2" type="stmt"/>
        <line num="256" count="4" type="cond" truecount="4" falsecount="0"/>
        <line num="257" count="2" type="stmt"/>
        <line num="261" count="4" type="cond" truecount="1" falsecount="0"/>
        <line num="262" count="1" type="stmt"/>
        <line num="266" count="6" type="cond" truecount="2" falsecount="1"/>
        <line num="267" count="0" type="stmt"/>
        <line num="271" count="2" type="stmt"/>
        <line num="272" count="1" type="stmt"/>
        <line num="273" count="2" type="cond" truecount="0" falsecount="1"/>
        <line num="274" count="0" type="stmt"/>
        <line num="278" count="1" type="stmt"/>
        <line num="286" count="3" type="cond" truecount="3" falsecount="0"/>
        <line num="287" count="2" type="stmt"/>
        <line num="291" count="1" type="stmt"/>
        <line num="292" count="2" type="stmt"/>
        <line num="293" count="2" type="stmt"/>
        <line num="294" count="1" type="stmt"/>
        <line num="297" count="1" type="cond" truecount="0" falsecount="1"/>
        <line num="298" count="0" type="stmt"/>
        <line num="302" count="2" type="cond" truecount="0" falsecount="1"/>
        <line num="303" count="0" type="stmt"/>
        <line num="307" count="1" type="stmt"/>
        <line num="308" count="1" type="cond" truecount="0" falsecount="1"/>
        <line num="309" count="0" type="stmt"/>
        <line num="314" count="1" type="stmt"/>
        <line num="322" count="2" type="stmt"/>
        <line num="323" count="6" type="stmt"/>
        <line num="324" count="2" type="stmt"/>
        <line num="327" count="2" type="cond" truecount="3" falsecount="0"/>
        <line num="328" count="1" type="stmt"/>
        <line num="332" count="2" type="stmt"/>
        <line num="335" count="2" type="cond" truecount="0" falsecount="1"/>
        <line num="336" count="0" type="stmt"/>
        <line num="339" count="1" type="stmt"/>
        <line num="340" count="1" type="cond" truecount="0" falsecount="1"/>
        <line num="341" count="0" type="stmt"/>
        <line num="346" count="4" type="stmt"/>
        <line num="347" count="4" type="stmt"/>
        <line num="350" count="1" type="stmt"/>
        <line num="351" count="1" type="stmt"/>
        <line num="359" count="1" type="stmt"/>
        <line num="360" count="2" type="stmt"/>
        <line num="361" count="1" type="stmt"/>
        <line num="364" count="1" type="cond" truecount="2" falsecount="1"/>
        <line num="365" count="1" type="stmt"/>
        <line num="369" count="0" type="stmt"/>
        <line num="372" count="0" type="cond" truecount="0" falsecount="1"/>
        <line num="373" count="0" type="stmt"/>
        <line num="376" count="0" type="stmt"/>
        <line num="377" count="0" type="cond" truecount="0" falsecount="1"/>
        <line num="378" count="0" type="stmt"/>
        <line num="383" count="0" type="stmt"/>
        <line num="390" count="1" type="cond" truecount="1" falsecount="2"/>
        <line num="399" count="1" type="cond" truecount="2" falsecount="1"/>
        <line num="400" count="1" type="stmt"/>
        <line num="404" count="0" type="stmt"/>
        <line num="405" count="0" type="stmt"/>
        <line num="412" count="1" type="stmt"/>
        <line num="419" count="2" type="stmt"/>
        <line num="420" count="2" type="cond" truecount="1" falsecount="0"/>
        <line num="421" count="2" type="stmt"/>
        <line num="424" count="0" type="stmt"/>
        <line num="431" count="2" type="stmt"/>
        <line num="432" count="2" type="stmt"/>
        <line num="433" count="6" type="cond" truecount="1" falsecount="0"/>
        <line num="434" count="4" type="stmt"/>
        <line num="437" count="2" type="stmt"/>
        <line num="445" count="6" type="cond" truecount="0" falsecount="1"/>
        <line num="446" count="0" type="stmt"/>
        <line num="450" count="6" type="cond" truecount="1" falsecount="0"/>
        <line num="451" count="1" type="stmt"/>
        <line num="455" count="5" type="cond" truecount="1" falsecount="0"/>
        <line num="456" count="1" type="cond" truecount="0" falsecount="1"/>
        <line num="457" count="0" type="stmt"/>
        <line num="459" count="1" type="cond" truecount="0" falsecount="1"/>
        <line num="460" count="0" type="stmt"/>
        <line num="462" count="1" type="stmt"/>
        <line num="466" count="4" type="cond" truecount="3" falsecount="0"/>
      </file>
      <file name="Deck.ts" path="/Users/lime/Code/chinese-poker/src/sdk/Deck.ts">
        <metrics statements="20" coveredstatements="19" conditionals="1" coveredconditionals="1" methods="9" coveredmethods="8"/>
        <line num="7" count="23" type="stmt"/>
        <line num="13" count="23" type="stmt"/>
        <line num="21" count="39" type="stmt"/>
        <line num="24" count="39" type="stmt"/>
        <line num="25" count="39" type="stmt"/>
        <line num="31" count="39" type="stmt"/>
        <line num="32" count="156" type="stmt"/>
        <line num="33" count="2028" type="stmt"/>
        <line num="38" count="39" type="stmt"/>
        <line num="39" count="39" type="stmt"/>
        <line num="46" count="32" type="stmt"/>
        <line num="47" count="1696" type="stmt"/>
        <line num="48" count="1696" type="stmt"/>
        <line num="58" count="66" type="cond" truecount="1" falsecount="0"/>
        <line num="60" count="2" type="stmt"/>
        <line num="62" count="64" type="stmt"/>
        <line num="69" count="5" type="stmt"/>
        <line num="76" count="0" type="stmt"/>
        <line num="83" count="16" type="stmt"/>
        <line num="84" count="16" type="stmt"/>
      </file>
      <file name="Game.ts" path="/Users/lime/Code/chinese-poker/src/sdk/Game.ts">
        <metrics statements="116" coveredstatements="99" conditionals="34" coveredconditionals="21" methods="23" coveredmethods="21"/>
        <line num="9" count="2" type="cond" truecount="2" falsecount="0"/>
        <line num="10" count="2" type="stmt"/>
        <line num="11" count="2" type="stmt"/>
        <line num="12" count="2" type="stmt"/>
        <line num="13" count="2" type="stmt"/>
        <line num="14" count="2" type="stmt"/>
        <line num="20" count="2" type="cond" truecount="2" falsecount="0"/>
        <line num="21" count="2" type="stmt"/>
        <line num="22" count="2" type="stmt"/>
        <line num="23" count="2" type="stmt"/>
        <line num="24" count="2" type="stmt"/>
        <line num="25" count="2" type="stmt"/>
        <line num="32" count="16" type="stmt"/>
        <line num="33" count="16" type="stmt"/>
        <line num="34" count="16" type="stmt"/>
        <line num="35" count="16" type="stmt"/>
        <line num="36" count="16" type="stmt"/>
        <line num="37" count="16" type="stmt"/>
        <line num="38" count="16" type="stmt"/>
        <line num="39" count="16" type="stmt"/>
        <line num="40" count="16" type="stmt"/>
        <line num="47" count="16" type="stmt"/>
        <line num="58" count="15" type="stmt"/>
        <line num="65" count="26" type="stmt"/>
        <line num="72" count="33" type="stmt"/>
        <line num="79" count="5" type="stmt"/>
        <line num="86" count="7" type="stmt"/>
        <line num="93" count="3" type="stmt"/>
        <line num="100" count="20" type="cond" truecount="1" falsecount="0"/>
        <line num="101" count="5" type="stmt"/>
        <line num="105" count="45" type="stmt"/>
        <line num="108" count="15" type="stmt"/>
        <line num="109" count="15" type="stmt"/>
        <line num="110" count="15" type="stmt"/>
        <line num="111" count="15" type="stmt"/>
        <line num="114" count="15" type="stmt"/>
        <line num="115" count="15" type="stmt"/>
        <line num="118" count="15" type="stmt"/>
        <line num="121" count="15" type="stmt"/>
        <line num="122" count="45" type="stmt"/>
        <line num="126" count="15" type="stmt"/>
        <line num="129" count="15" type="stmt"/>
        <line num="132" count="15" type="stmt"/>
        <line num="133" count="15" type="stmt"/>
        <line num="142" count="13" type="cond" truecount="1" falsecount="0"/>
        <line num="143" count="2" type="stmt"/>
        <line num="146" count="11" type="stmt"/>
        <line num="147" count="11" type="cond" truecount="0" falsecount="1"/>
        <line num="148" count="0" type="stmt"/>
        <line num="152" count="11" type="stmt"/>
        <line num="154" count="11" type="cond" truecount="2" falsecount="0"/>
        <line num="156" count="7" type="stmt"/>
        <line num="157" count="7" type="stmt"/>
        <line num="160" count="7" type="stmt"/>
        <line num="161" count="21" type="cond" truecount="1" falsecount="0"/>
        <line num="162" count="14" type="stmt"/>
        <line num="167" count="7" type="stmt"/>
        <line num="168" count="7" type="stmt"/>
        <line num="171" count="4" type="stmt"/>
        <line num="174" count="4" type="cond" truecount="3" falsecount="0"/>
        <line num="175" count="3" type="stmt"/>
        <line num="176" count="1" type="stmt"/>
        <line num="177" count="1" type="stmt"/>
        <line num="181" count="3" type="stmt"/>
        <line num="182" count="3" type="stmt"/>
        <line num="192" count="4" type="cond" truecount="0" falsecount="1"/>
        <line num="193" count="0" type="stmt"/>
        <line num="196" count="4" type="stmt"/>
        <line num="197" count="4" type="cond" truecount="1" falsecount="0"/>
        <line num="198" count="1" type="stmt"/>
        <line num="202" count="3" type="cond" truecount="0" falsecount="1"/>
        <line num="203" count="0" type="stmt"/>
        <line num="207" count="3" type="stmt"/>
        <line num="208" count="3" type="cond" truecount="1" falsecount="0"/>
        <line num="209" count="1" type="stmt"/>
        <line num="213" count="2" type="cond" truecount="1" falsecount="3"/>
        <line num="214" count="0" type="stmt"/>
        <line num="217" count="2" type="stmt"/>
        <line num="219" count="2" type="stmt"/>
        <line num="222" count="2" type="stmt"/>
        <line num="223" count="2" type="stmt"/>
        <line num="224" count="2" type="stmt"/>
        <line num="227" count="2" type="cond" truecount="0" falsecount="1"/>
        <line num="228" count="0" type="stmt"/>
        <line num="229" count="0" type="stmt"/>
        <line num="233" count="2" type="stmt"/>
        <line num="235" count="2" type="stmt"/>
        <line num="237" count="0" type="stmt"/>
        <line num="246" count="1" type="cond" truecount="0" falsecount="1"/>
        <line num="247" count="0" type="stmt"/>
        <line num="250" count="1" type="stmt"/>
        <line num="251" count="1" type="cond" truecount="0" falsecount="1"/>
        <line num="252" count="0" type="stmt"/>
        <line num="256" count="1" type="cond" truecount="2" falsecount="1"/>
        <line num="257" count="0" type="stmt"/>
        <line num="261" count="1" type="stmt"/>
        <line num="264" count="1" type="cond" truecount="1" falsecount="1"/>
        <line num="266" count="0" type="stmt"/>
        <line num="267" count="0" type="cond" truecount="0" falsecount="1"/>
        <line num="268" count="0" type="stmt"/>
        <line num="269" count="0" type="stmt"/>
        <line num="273" count="0" type="stmt"/>
        <line num="274" count="0" type="stmt"/>
        <line num="275" count="0" type="stmt"/>
        <line num="278" count="1" type="stmt"/>
        <line num="281" count="1" type="stmt"/>
        <line num="288" count="6" type="stmt"/>
        <line num="289" count="6" type="stmt"/>
        <line num="290" count="6" type="stmt"/>
        <line num="297" count="1" type="stmt"/>
        <line num="300" count="1" type="stmt"/>
        <line num="303" count="1" type="stmt"/>
        <line num="304" count="3" type="stmt"/>
        <line num="307" count="3" type="cond" truecount="3" falsecount="1"/>
        <line num="316" count="2" type="stmt"/>
        <line num="317" count="2" type="stmt"/>
      </file>
      <file name="Player.ts" path="/Users/lime/Code/chinese-poker/src/sdk/Player.ts">
        <metrics statements="36" coveredstatements="31" conditionals="4" coveredconditionals="3" methods="25" coveredmethods="22"/>
        <line num="6" count="3" type="cond" truecount="2" falsecount="0"/>
        <line num="7" count="3" type="stmt"/>
        <line num="8" count="3" type="stmt"/>
        <line num="17" count="61" type="stmt"/>
        <line num="18" count="61" type="stmt"/>
        <line num="19" count="61" type="stmt"/>
        <line num="20" count="61" type="stmt"/>
        <line num="23" count="61" type="stmt"/>
        <line num="24" count="61" type="stmt"/>
        <line num="31" count="60" type="stmt"/>
        <line num="38" count="4" type="stmt"/>
        <line num="45" count="1" type="stmt"/>
        <line num="52" count="17" type="stmt"/>
        <line num="59" count="28" type="stmt"/>
        <line num="66" count="37" type="stmt"/>
        <line num="73" count="0" type="stmt"/>
        <line num="80" count="38" type="stmt"/>
        <line num="87" count="31" type="stmt"/>
        <line num="94" count="2" type="stmt"/>
        <line num="101" count="4" type="stmt"/>
        <line num="108" count="56" type="stmt"/>
        <line num="109" count="56" type="stmt"/>
        <line num="118" count="4" type="cond" truecount="1" falsecount="0"/>
        <line num="119" count="1" type="stmt"/>
        <line num="123" count="43" type="stmt"/>
        <line num="125" count="3" type="stmt"/>
        <line num="132" count="0" type="stmt"/>
        <line num="133" count="0" type="cond" truecount="0" falsecount="1"/>
        <line num="134" count="0" type="stmt"/>
        <line num="136" count="0" type="stmt"/>
        <line num="143" count="106" type="stmt"/>
        <line num="150" count="2434" type="stmt"/>
        <line num="157" count="46" type="stmt"/>
        <line num="158" count="46" type="stmt"/>
        <line num="159" count="46" type="stmt"/>
        <line num="166" count="31" type="stmt"/>
      </file>
    </package>
    <package name="store">
      <metrics statements="92" coveredstatements="40" conditionals="71" coveredconditionals="15" methods="17" coveredmethods="12"/>
      <file name="GameStore.ts" path="/Users/lime/Code/chinese-poker/src/store/GameStore.ts">
        <metrics statements="92" coveredstatements="40" conditionals="71" coveredconditionals="15" methods="17" coveredmethods="12"/>
        <line num="43" count="1" type="stmt"/>
        <line num="45" count="1" type="stmt"/>
        <line num="47" count="1" type="stmt"/>
        <line num="68" count="6" type="stmt"/>
        <line num="70" count="6" type="stmt"/>
        <line num="71" count="6" type="stmt"/>
        <line num="73" count="1" type="stmt"/>
        <line num="84" count="5" type="stmt"/>
        <line num="92" count="1" type="stmt"/>
        <line num="94" count="1" type="stmt"/>
        <line num="95" count="1" type="stmt"/>
        <line num="97" count="1" type="stmt"/>
        <line num="109" count="0" type="stmt"/>
        <line num="117" count="3" type="stmt"/>
        <line num="119" count="3" type="stmt"/>
        <line num="120" count="3" type="cond" truecount="2" falsecount="0"/>
        <line num="122" count="1" type="stmt"/>
        <line num="124" count="1" type="stmt"/>
        <line num="133" count="1" type="cond" truecount="1" falsecount="3"/>
        <line num="135" count="0" type="stmt"/>
        <line num="136" count="0" type="stmt"/>
        <line num="137" count="0" type="stmt"/>
        <line num="141" count="2" type="stmt"/>
        <line num="151" count="3" type="stmt"/>
        <line num="153" count="3" type="stmt"/>
        <line num="154" count="3" type="stmt"/>
        <line num="155" count="9" type="stmt"/>
        <line num="156" count="162" type="stmt"/>
        <line num="158" count="3" type="stmt"/>
        <line num="165" count="1" type="stmt"/>
        <line num="167" count="1" type="stmt"/>
        <line num="168" count="1" type="stmt"/>
        <line num="170" count="1" type="cond" truecount="1" falsecount="4"/>
        <line num="173" count="1" type="stmt"/>
        <line num="175" count="0" type="stmt"/>
        <line num="176" count="0" type="stmt"/>
        <line num="178" count="0" type="stmt"/>
        <line num="179" count="0" type="stmt"/>
        <line num="181" count="0" type="stmt"/>
        <line num="182" count="0" type="stmt"/>
        <line num="184" count="0" type="stmt"/>
        <line num="185" count="0" type="stmt"/>
        <line num="189" count="3" type="stmt"/>
        <line num="191" count="1" type="stmt"/>
        <line num="207" count="1" type="stmt"/>
        <line num="209" count="1" type="stmt"/>
        <line num="210" count="1" type="stmt"/>
        <line num="212" count="1" type="cond" truecount="1" falsecount="4"/>
        <line num="215" count="1" type="stmt"/>
        <line num="217" count="0" type="stmt"/>
        <line num="218" count="0" type="stmt"/>
        <line num="220" count="0" type="stmt"/>
        <line num="221" count="0" type="stmt"/>
        <line num="223" count="0" type="stmt"/>
        <line num="224" count="0" type="stmt"/>
        <line num="226" count="0" type="stmt"/>
        <line num="230" count="3" type="stmt"/>
        <line num="232" count="1" type="stmt"/>
        <line num="248" count="0" type="stmt"/>
        <line num="250" count="0" type="cond" truecount="0" falsecount="3"/>
        <line num="251" count="0" type="stmt"/>
        <line num="254" count="0" type="stmt"/>
        <line num="255" count="0" type="stmt"/>
        <line num="262" count="2" type="cond" truecount="2" falsecount="0"/>
        <line num="269" count="0" type="cond" truecount="0" falsecount="3"/>
        <line num="271" count="0" type="cond" truecount="0" falsecount="15"/>
        <line num="273" count="0" type="stmt"/>
        <line num="275" count="0" type="stmt"/>
        <line num="277" count="0" type="stmt"/>
        <line num="279" count="0" type="stmt"/>
        <line num="281" count="0" type="stmt"/>
        <line num="283" count="0" type="stmt"/>
        <line num="285" count="0" type="stmt"/>
        <line num="287" count="0" type="stmt"/>
        <line num="289" count="0" type="stmt"/>
        <line num="291" count="0" type="stmt"/>
        <line num="293" count="0" type="stmt"/>
        <line num="295" count="0" type="stmt"/>
        <line num="297" count="0" type="stmt"/>
        <line num="299" count="0" type="stmt"/>
        <line num="301" count="0" type="stmt"/>
        <line num="309" count="0" type="cond" truecount="0" falsecount="3"/>
        <line num="311" count="0" type="cond" truecount="0" falsecount="15"/>
        <line num="313" count="0" type="stmt"/>
        <line num="315" count="0" type="stmt"/>
        <line num="319" count="0" type="stmt"/>
        <line num="322" count="0" type="stmt"/>
        <line num="326" count="0" type="stmt"/>
        <line num="329" count="0" type="stmt"/>
        <line num="331" count="0" type="stmt"/>
        <line num="333" count="0" type="stmt"/>
        <line num="335" count="0" type="stmt"/>
      </file>
    </package>
  </project>
</coverage>
