{"/Users/lime/Code/chinese-poker/src/sdk/Card.ts": {"path":"/Users/lime/Code/chinese-poker/src/sdk/Card.ts","statementMap":{"0":{"start":{"line":4,"column":0},"end":{"line":4,"column":null}},"1":{"start":{"line":5,"column":2},"end":{"line":5,"column":null}},"2":{"start":{"line":6,"column":2},"end":{"line":6,"column":null}},"3":{"start":{"line":7,"column":2},"end":{"line":7,"column":null}},"4":{"start":{"line":8,"column":2},"end":{"line":8,"column":null}},"5":{"start":{"line":14,"column":0},"end":{"line":14,"column":null}},"6":{"start":{"line":15,"column":2},"end":{"line":15,"column":null}},"7":{"start":{"line":16,"column":2},"end":{"line":16,"column":null}},"8":{"start":{"line":17,"column":2},"end":{"line":17,"column":null}},"9":{"start":{"line":18,"column":2},"end":{"line":18,"column":null}},"10":{"start":{"line":19,"column":2},"end":{"line":19,"column":null}},"11":{"start":{"line":20,"column":2},"end":{"line":20,"column":null}},"12":{"start":{"line":21,"column":2},"end":{"line":21,"column":null}},"13":{"start":{"line":22,"column":2},"end":{"line":22,"column":null}},"14":{"start":{"line":23,"column":2},"end":{"line":23,"column":null}},"15":{"start":{"line":24,"column":2},"end":{"line":24,"column":null}},"16":{"start":{"line":25,"column":2},"end":{"line":25,"column":null}},"17":{"start":{"line":26,"column":2},"end":{"line":26,"column":null}},"18":{"start":{"line":27,"column":2},"end":{"line":27,"column":null}},"19":{"start":{"line":33,"column":49},"end":{"line":47,"column":2}},"20":{"start":{"line":52,"column":0},"end":{"line":52,"column":null}},"21":{"start":{"line":53,"column":2},"end":{"line":53,"column":null}},"22":{"start":{"line":54,"column":2},"end":{"line":54,"column":null}},"23":{"start":{"line":64,"column":10},"end":{"line":64,"column":37}},"24":{"start":{"line":75,"column":4},"end":{"line":80,"column":5}},"25":{"start":{"line":76,"column":6},"end":{"line":76,"column":45}},"26":{"start":{"line":77,"column":6},"end":{"line":77,"column":24}},"27":{"start":{"line":79,"column":6},"end":{"line":79,"column":63}},"28":{"start":{"line":87,"column":4},"end":{"line":89,"column":5}},"29":{"start":{"line":88,"column":6},"end":{"line":88,"column":71}},"30":{"start":{"line":90,"column":4},"end":{"line":90,"column":23}},"31":{"start":{"line":97,"column":4},"end":{"line":97,"column":43}},"32":{"start":{"line":104,"column":4},"end":{"line":104,"column":22}},"33":{"start":{"line":111,"column":4},"end":{"line":111,"column":22}},"34":{"start":{"line":118,"column":4},"end":{"line":118,"column":29}},"35":{"start":{"line":125,"column":4},"end":{"line":127,"column":5}},"36":{"start":{"line":126,"column":6},"end":{"line":126,"column":75}},"37":{"start":{"line":128,"column":4},"end":{"line":128,"column":54}},"38":{"start":{"line":135,"column":4},"end":{"line":135,"column":27}},"39":{"start":{"line":142,"column":4},"end":{"line":142,"column":26}},"40":{"start":{"line":149,"column":4},"end":{"line":149,"column":37}}},"fnMap":{"0":{"name":"(anonymous_0)","decl":{"start":{"line":4,"column":0},"end":{"line":4,"column":6}},"loc":{"start":{"line":4,"column":16},"end":{"line":9,"column":1}}},"1":{"name":"(anonymous_1)","decl":{"start":{"line":14,"column":0},"end":{"line":14,"column":6}},"loc":{"start":{"line":14,"column":16},"end":{"line":28,"column":1}}},"2":{"name":"(anonymous_2)","decl":{"start":{"line":52,"column":0},"end":{"line":52,"column":6}},"loc":{"start":{"line":52,"column":27},"end":{"line":55,"column":1}}},"3":{"name":"(anonymous_3)","decl":{"start":{"line":74,"column":2},"end":{"line":74,"column":14}},"loc":{"start":{"line":74,"column":68},"end":{"line":81,"column":3}}},"4":{"name":"(anonymous_4)","decl":{"start":{"line":86,"column":2},"end":{"line":86,"column":6}},"loc":{"start":{"line":86,"column":11},"end":{"line":91,"column":3}}},"5":{"name":"(anonymous_5)","decl":{"start":{"line":96,"column":2},"end":{"line":96,"column":9}},"loc":{"start":{"line":96,"column":9},"end":{"line":98,"column":3}}},"6":{"name":"(anonymous_6)","decl":{"start":{"line":103,"column":2},"end":{"line":103,"column":6}},"loc":{"start":{"line":103,"column":10},"end":{"line":105,"column":3}}},"7":{"name":"(anonymous_7)","decl":{"start":{"line":110,"column":2},"end":{"line":110,"column":6}},"loc":{"start":{"line":110,"column":10},"end":{"line":112,"column":3}}},"8":{"name":"(anonymous_8)","decl":{"start":{"line":117,"column":2},"end":{"line":117,"column":6}},"loc":{"start":{"line":117,"column":17},"end":{"line":119,"column":3}}},"9":{"name":"(anonymous_9)","decl":{"start":{"line":124,"column":2},"end":{"line":124,"column":6}},"loc":{"start":{"line":124,"column":13},"end":{"line":129,"column":3}}},"10":{"name":"(anonymous_10)","decl":{"start":{"line":134,"column":2},"end":{"line":134,"column":6}},"loc":{"start":{"line":134,"column":29},"end":{"line":136,"column":3}}},"11":{"name":"(anonymous_11)","decl":{"start":{"line":141,"column":2},"end":{"line":141,"column":6}},"loc":{"start":{"line":141,"column":14},"end":{"line":143,"column":3}}},"12":{"name":"(anonymous_12)","decl":{"start":{"line":148,"column":2},"end":{"line":148,"column":16}},"loc":{"start":{"line":148,"column":16},"end":{"line":150,"column":3}}}},"branchMap":{"0":{"loc":{"start":{"line":4,"column":12},"end":{"line":4,"column":null}},"type":"binary-expr","locations":[{"start":{"line":4,"column":12},"end":{"line":4,"column":16}},{"start":{"line":4,"column":12},"end":{"line":4,"column":null}}]},"1":{"loc":{"start":{"line":14,"column":12},"end":{"line":14,"column":null}},"type":"binary-expr","locations":[{"start":{"line":14,"column":12},"end":{"line":14,"column":16}},{"start":{"line":14,"column":12},"end":{"line":14,"column":null}}]},"2":{"loc":{"start":{"line":52,"column":12},"end":{"line":52,"column":null}},"type":"binary-expr","locations":[{"start":{"line":52,"column":12},"end":{"line":52,"column":27}},{"start":{"line":52,"column":12},"end":{"line":52,"column":null}}]},"3":{"loc":{"start":{"line":75,"column":4},"end":{"line":80,"column":5}},"type":"if","locations":[{"start":{"line":75,"column":4},"end":{"line":80,"column":5}},{"start":{"line":78,"column":11},"end":{"line":80,"column":5}}]},"4":{"loc":{"start":{"line":87,"column":4},"end":{"line":89,"column":5}},"type":"if","locations":[{"start":{"line":87,"column":4},"end":{"line":89,"column":5}}]},"5":{"loc":{"start":{"line":88,"column":13},"end":{"line":88,"column":70}},"type":"cond-expr","locations":[{"start":{"line":88,"column":63},"end":{"line":88,"column":65}},{"start":{"line":88,"column":68},"end":{"line":88,"column":70}}]},"6":{"loc":{"start":{"line":125,"column":4},"end":{"line":127,"column":5}},"type":"if","locations":[{"start":{"line":125,"column":4},"end":{"line":127,"column":5}}]},"7":{"loc":{"start":{"line":126,"column":13},"end":{"line":126,"column":74}},"type":"cond-expr","locations":[{"start":{"line":126,"column":63},"end":{"line":126,"column":67}},{"start":{"line":126,"column":70},"end":{"line":126,"column":74}}]}},"s":{"0":6,"1":6,"2":6,"3":6,"4":6,"5":6,"6":6,"7":6,"8":6,"9":6,"10":6,"11":6,"12":6,"13":6,"14":6,"15":6,"16":6,"17":6,"18":6,"19":6,"20":6,"21":6,"22":6,"23":2192,"24":2192,"25":2104,"26":2104,"27":88,"28":5101,"29":142,"30":4959,"31":5150,"32":67,"33":28,"34":110,"35":3,"36":2,"37":1,"38":107,"39":169,"40":5},"f":{"0":6,"1":6,"2":6,"3":2192,"4":5101,"5":5150,"6":67,"7":28,"8":110,"9":3,"10":107,"11":169,"12":5},"b":{"0":[6,6],"1":[6,6],"2":[6,6],"3":[2104,88],"4":[142],"5":[65,77],"6":[2],"7":[1,1]}}
,"/Users/lime/Code/chinese-poker/src/sdk/CardCombo.ts": {"path":"/Users/lime/Code/chinese-poker/src/sdk/CardCombo.ts","statementMap":{"0":{"start":{"line":6,"column":0},"end":{"line":6,"column":null}},"1":{"start":{"line":7,"column":2},"end":{"line":7,"column":null}},"2":{"start":{"line":8,"column":2},"end":{"line":8,"column":null}},"3":{"start":{"line":9,"column":2},"end":{"line":9,"column":null}},"4":{"start":{"line":10,"column":2},"end":{"line":10,"column":null}},"5":{"start":{"line":11,"column":2},"end":{"line":11,"column":null}},"6":{"start":{"line":12,"column":2},"end":{"line":12,"column":null}},"7":{"start":{"line":13,"column":2},"end":{"line":13,"column":null}},"8":{"start":{"line":14,"column":2},"end":{"line":14,"column":null}},"9":{"start":{"line":15,"column":2},"end":{"line":15,"column":null}},"10":{"start":{"line":16,"column":2},"end":{"line":16,"column":null}},"11":{"start":{"line":17,"column":2},"end":{"line":17,"column":null}},"12":{"start":{"line":18,"column":2},"end":{"line":18,"column":null}},"13":{"start":{"line":19,"column":2},"end":{"line":19,"column":null}},"14":{"start":{"line":20,"column":2},"end":{"line":20,"column":null}},"15":{"start":{"line":21,"column":2},"end":{"line":21,"column":null}},"16":{"start":{"line":22,"column":2},"end":{"line":22,"column":null}},"17":{"start":{"line":29,"column":10},"end":{"line":29,"column":30}},"18":{"start":{"line":30,"column":10},"end":{"line":30,"column":47}},"19":{"start":{"line":31,"column":10},"end":{"line":31,"column":33}},"20":{"start":{"line":34,"column":4},"end":{"line":34,"column":29}},"21":{"start":{"line":35,"column":4},"end":{"line":39,"column":5}},"22":{"start":{"line":36,"column":6},"end":{"line":36,"column":34}},"23":{"start":{"line":38,"column":6},"end":{"line":38,"column":30}},"24":{"start":{"line":46,"column":4},"end":{"line":46,"column":29}},"25":{"start":{"line":47,"column":4},"end":{"line":51,"column":5}},"26":{"start":{"line":48,"column":6},"end":{"line":48,"column":34}},"27":{"start":{"line":50,"column":6},"end":{"line":50,"column":30}},"28":{"start":{"line":58,"column":4},"end":{"line":58,"column":28}},"29":{"start":{"line":65,"column":4},"end":{"line":65,"column":22}},"30":{"start":{"line":72,"column":4},"end":{"line":72,"column":27}},"31":{"start":{"line":79,"column":4},"end":{"line":79,"column":44}},"32":{"start":{"line":86,"column":4},"end":{"line":86,"column":36}},"33":{"start":{"line":94,"column":4},"end":{"line":96,"column":5}},"34":{"start":{"line":95,"column":6},"end":{"line":95,"column":13}},"35":{"start":{"line":99,"column":23},"end":{"line":99,"column":46}},"36":{"start":{"line":102,"column":4},"end":{"line":151,"column":5}},"37":{"start":{"line":103,"column":6},"end":{"line":103,"column":36}},"38":{"start":{"line":104,"column":6},"end":{"line":104,"column":28}},"39":{"start":{"line":105,"column":11},"end":{"line":151,"column":5}},"40":{"start":{"line":106,"column":6},"end":{"line":106,"column":34}},"41":{"start":{"line":107,"column":6},"end":{"line":107,"column":45}},"42":{"start":{"line":108,"column":11},"end":{"line":151,"column":5}},"43":{"start":{"line":109,"column":6},"end":{"line":109,"column":36}},"44":{"start":{"line":110,"column":6},"end":{"line":110,"column":45}},"45":{"start":{"line":111,"column":11},"end":{"line":151,"column":5}},"46":{"start":{"line":112,"column":6},"end":{"line":112,"column":34}},"47":{"start":{"line":113,"column":6},"end":{"line":113,"column":45}},"48":{"start":{"line":114,"column":11},"end":{"line":151,"column":5}},"49":{"start":{"line":115,"column":6},"end":{"line":115,"column":34}},"50":{"start":{"line":116,"column":6},"end":{"line":116,"column":69}},"51":{"start":{"line":117,"column":11},"end":{"line":151,"column":5}},"52":{"start":{"line":118,"column":6},"end":{"line":118,"column":46}},"53":{"start":{"line":119,"column":6},"end":{"line":119,"column":69}},"54":{"start":{"line":120,"column":11},"end":{"line":151,"column":5}},"55":{"start":{"line":121,"column":6},"end":{"line":121,"column":44}},"56":{"start":{"line":122,"column":6},"end":{"line":122,"column":69}},"57":{"start":{"line":123,"column":11},"end":{"line":151,"column":5}},"58":{"start":{"line":124,"column":6},"end":{"line":124,"column":38}},"59":{"start":{"line":125,"column":6},"end":{"line":125,"column":73}},"60":{"start":{"line":125,"column":60},"end":{"line":125,"column":70}},"61":{"start":{"line":126,"column":11},"end":{"line":151,"column":5}},"62":{"start":{"line":127,"column":6},"end":{"line":127,"column":43}},"63":{"start":{"line":128,"column":6},"end":{"line":128,"column":73}},"64":{"start":{"line":128,"column":60},"end":{"line":128,"column":70}},"65":{"start":{"line":129,"column":11},"end":{"line":151,"column":5}},"66":{"start":{"line":130,"column":6},"end":{"line":130,"column":38}},"67":{"start":{"line":132,"column":25},"end":{"line":132,"column":64}},"68":{"start":{"line":133,"column":6},"end":{"line":133,"column":72}},"69":{"start":{"line":133,"column":59},"end":{"line":133,"column":69}},"70":{"start":{"line":134,"column":11},"end":{"line":151,"column":5}},"71":{"start":{"line":135,"column":6},"end":{"line":135,"column":50}},"72":{"start":{"line":136,"column":25},"end":{"line":136,"column":64}},"73":{"start":{"line":137,"column":6},"end":{"line":137,"column":72}},"74":{"start":{"line":137,"column":59},"end":{"line":137,"column":69}},"75":{"start":{"line":138,"column":11},"end":{"line":151,"column":5}},"76":{"start":{"line":139,"column":6},"end":{"line":139,"column":48}},"77":{"start":{"line":140,"column":25},"end":{"line":140,"column":64}},"78":{"start":{"line":141,"column":6},"end":{"line":141,"column":72}},"79":{"start":{"line":141,"column":59},"end":{"line":141,"column":69}},"80":{"start":{"line":142,"column":11},"end":{"line":151,"column":5}},"81":{"start":{"line":143,"column":6},"end":{"line":143,"column":50}},"82":{"start":{"line":144,"column":6},"end":{"line":144,"column":69}},"83":{"start":{"line":145,"column":11},"end":{"line":151,"column":5}},"84":{"start":{"line":146,"column":6},"end":{"line":146,"column":48}},"85":{"start":{"line":147,"column":6},"end":{"line":147,"column":69}},"86":{"start":{"line":149,"column":6},"end":{"line":149,"column":37}},"87":{"start":{"line":150,"column":6},"end":{"line":150,"column":26}},"88":{"start":{"line":158,"column":19},"end":{"line":158,"column":44}},"89":{"start":{"line":160,"column":4},"end":{"line":166,"column":5}},"90":{"start":{"line":161,"column":20},"end":{"line":161,"column":30}},"91":{"start":{"line":162,"column":6},"end":{"line":164,"column":7}},"92":{"start":{"line":163,"column":8},"end":{"line":163,"column":30}},"93":{"start":{"line":165,"column":6},"end":{"line":165,"column":36}},"94":{"start":{"line":168,"column":4},"end":{"line":168,"column":18}},"95":{"start":{"line":175,"column":4},"end":{"line":177,"column":57}},"96":{"start":{"line":176,"column":37},"end":{"line":176,"column":51}},"97":{"start":{"line":184,"column":4},"end":{"line":184,"column":57}},"98":{"start":{"line":191,"column":4},"end":{"line":191,"column":36}},"99":{"start":{"line":198,"column":4},"end":{"line":198,"column":57}},"100":{"start":{"line":205,"column":4},"end":{"line":205,"column":57}},"101":{"start":{"line":212,"column":4},"end":{"line":214,"column":42}},"102":{"start":{"line":221,"column":4},"end":{"line":224,"column":42}},"103":{"start":{"line":231,"column":4},"end":{"line":231,"column":45}},"104":{"start":{"line":231,"column":32},"end":{"line":231,"column":45}},"105":{"start":{"line":234,"column":4},"end":{"line":236,"column":5}},"106":{"start":{"line":234,"column":33},"end":{"line":234,"column":67}},"107":{"start":{"line":235,"column":6},"end":{"line":235,"column":19}},"108":{"start":{"line":239,"column":24},"end":{"line":239,"column":74}},"109":{"start":{"line":239,"column":56},"end":{"line":239,"column":73}},"110":{"start":{"line":242,"column":4},"end":{"line":246,"column":5}},"111":{"start":{"line":242,"column":17},"end":{"line":242,"column":18}},"112":{"start":{"line":243,"column":6},"end":{"line":245,"column":7}},"113":{"start":{"line":244,"column":8},"end":{"line":244,"column":21}},"114":{"start":{"line":248,"column":4},"end":{"line":248,"column":16}},"115":{"start":{"line":256,"column":4},"end":{"line":258,"column":5}},"116":{"start":{"line":257,"column":6},"end":{"line":257,"column":19}},"117":{"start":{"line":261,"column":4},"end":{"line":263,"column":5}},"118":{"start":{"line":261,"column":43},"end":{"line":261,"column":61}},"119":{"start":{"line":262,"column":6},"end":{"line":262,"column":19}},"120":{"start":{"line":266,"column":4},"end":{"line":268,"column":5}},"121":{"start":{"line":266,"column":33},"end":{"line":266,"column":67}},"122":{"start":{"line":267,"column":6},"end":{"line":267,"column":19}},"123":{"start":{"line":271,"column":19},"end":{"line":271,"column":59}},"124":{"start":{"line":271,"column":53},"end":{"line":271,"column":58}},"125":{"start":{"line":272,"column":4},"end":{"line":276,"column":5}},"126":{"start":{"line":272,"column":17},"end":{"line":272,"column":18}},"127":{"start":{"line":273,"column":6},"end":{"line":275,"column":7}},"128":{"start":{"line":274,"column":8},"end":{"line":274,"column":21}},"129":{"start":{"line":278,"column":4},"end":{"line":278,"column":16}},"130":{"start":{"line":286,"column":4},"end":{"line":288,"column":5}},"131":{"start":{"line":287,"column":6},"end":{"line":287,"column":19}},"132":{"start":{"line":291,"column":23},"end":{"line":294,"column":28}},"133":{"start":{"line":292,"column":29},"end":{"line":292,"column":47}},"134":{"start":{"line":293,"column":24},"end":{"line":293,"column":29}},"135":{"start":{"line":294,"column":22},"end":{"line":294,"column":27}},"136":{"start":{"line":297,"column":4},"end":{"line":299,"column":5}},"137":{"start":{"line":298,"column":6},"end":{"line":298,"column":19}},"138":{"start":{"line":302,"column":4},"end":{"line":304,"column":5}},"139":{"start":{"line":302,"column":33},"end":{"line":302,"column":44}},"140":{"start":{"line":303,"column":6},"end":{"line":303,"column":19}},"141":{"start":{"line":307,"column":4},"end":{"line":311,"column":5}},"142":{"start":{"line":307,"column":17},"end":{"line":307,"column":18}},"143":{"start":{"line":308,"column":6},"end":{"line":310,"column":7}},"144":{"start":{"line":309,"column":8},"end":{"line":309,"column":21}},"145":{"start":{"line":314,"column":4},"end":{"line":314,"column":56}},"146":{"start":{"line":322,"column":24},"end":{"line":323,"column":48}},"147":{"start":{"line":323,"column":29},"end":{"line":323,"column":47}},"148":{"start":{"line":324,"column":22},"end":{"line":324,"column":40}},"149":{"start":{"line":327,"column":4},"end":{"line":329,"column":5}},"150":{"start":{"line":328,"column":6},"end":{"line":328,"column":19}},"151":{"start":{"line":332,"column":23},"end":{"line":332,"column":80}},"152":{"start":{"line":332,"column":52},"end":{"line":332,"column":57}},"153":{"start":{"line":332,"column":74},"end":{"line":332,"column":79}},"154":{"start":{"line":335,"column":4},"end":{"line":337,"column":5}},"155":{"start":{"line":335,"column":33},"end":{"line":335,"column":44}},"156":{"start":{"line":336,"column":6},"end":{"line":336,"column":19}},"157":{"start":{"line":339,"column":4},"end":{"line":343,"column":5}},"158":{"start":{"line":339,"column":17},"end":{"line":339,"column":18}},"159":{"start":{"line":340,"column":6},"end":{"line":342,"column":7}},"160":{"start":{"line":341,"column":8},"end":{"line":341,"column":21}},"161":{"start":{"line":346,"column":24},"end":{"line":346,"column":87}},"162":{"start":{"line":346,"column":61},"end":{"line":346,"column":79}},"163":{"start":{"line":347,"column":31},"end":{"line":347,"column":94}},"164":{"start":{"line":347,"column":68},"end":{"line":347,"column":86}},"165":{"start":{"line":350,"column":25},"end":{"line":350,"column":61}},"166":{"start":{"line":351,"column":4},"end":{"line":351,"column":38}},"167":{"start":{"line":359,"column":24},"end":{"line":360,"column":48}},"168":{"start":{"line":360,"column":29},"end":{"line":360,"column":47}},"169":{"start":{"line":361,"column":22},"end":{"line":361,"column":40}},"170":{"start":{"line":364,"column":4},"end":{"line":366,"column":5}},"171":{"start":{"line":365,"column":6},"end":{"line":365,"column":19}},"172":{"start":{"line":369,"column":23},"end":{"line":369,"column":80}},"173":{"start":{"line":369,"column":52},"end":{"line":369,"column":57}},"174":{"start":{"line":369,"column":74},"end":{"line":369,"column":79}},"175":{"start":{"line":372,"column":4},"end":{"line":374,"column":5}},"176":{"start":{"line":372,"column":33},"end":{"line":372,"column":44}},"177":{"start":{"line":373,"column":6},"end":{"line":373,"column":19}},"178":{"start":{"line":376,"column":4},"end":{"line":380,"column":5}},"179":{"start":{"line":376,"column":17},"end":{"line":376,"column":18}},"180":{"start":{"line":377,"column":6},"end":{"line":379,"column":7}},"181":{"start":{"line":378,"column":8},"end":{"line":378,"column":21}},"182":{"start":{"line":383,"column":4},"end":{"line":383,"column":89}},"183":{"start":{"line":383,"column":48},"end":{"line":383,"column":66}},"184":{"start":{"line":390,"column":4},"end":{"line":392,"column":28}},"185":{"start":{"line":399,"column":4},"end":{"line":401,"column":5}},"186":{"start":{"line":400,"column":6},"end":{"line":400,"column":19}},"187":{"start":{"line":404,"column":22},"end":{"line":404,"column":85}},"188":{"start":{"line":404,"column":59},"end":{"line":404,"column":77}},"189":{"start":{"line":405,"column":4},"end":{"line":405,"column":27}},"190":{"start":{"line":412,"column":4},"end":{"line":412,"column":69}},"191":{"start":{"line":412,"column":46},"end":{"line":412,"column":67}},"192":{"start":{"line":419,"column":4},"end":{"line":423,"column":5}},"193":{"start":{"line":420,"column":6},"end":{"line":422,"column":7}},"194":{"start":{"line":421,"column":8},"end":{"line":421,"column":21}},"195":{"start":{"line":424,"column":4},"end":{"line":424,"column":14}},"196":{"start":{"line":431,"column":27},"end":{"line":431,"column":29}},"197":{"start":{"line":432,"column":4},"end":{"line":436,"column":5}},"198":{"start":{"line":433,"column":6},"end":{"line":435,"column":7}},"199":{"start":{"line":434,"column":8},"end":{"line":434,"column":30}},"200":{"start":{"line":437,"column":4},"end":{"line":437,"column":18}},"201":{"start":{"line":445,"column":4},"end":{"line":447,"column":5}},"202":{"start":{"line":446,"column":6},"end":{"line":446,"column":28}},"203":{"start":{"line":450,"column":4},"end":{"line":452,"column":5}},"204":{"start":{"line":451,"column":6},"end":{"line":451,"column":18}},"205":{"start":{"line":455,"column":4},"end":{"line":463,"column":5}},"206":{"start":{"line":456,"column":6},"end":{"line":458,"column":7}},"207":{"start":{"line":457,"column":8},"end":{"line":457,"column":21}},"208":{"start":{"line":459,"column":6},"end":{"line":461,"column":7}},"209":{"start":{"line":460,"column":8},"end":{"line":460,"column":48}},"210":{"start":{"line":462,"column":6},"end":{"line":462,"column":18}},"211":{"start":{"line":466,"column":4},"end":{"line":468,"column":44}}},"fnMap":{"0":{"name":"(anonymous_0)","decl":{"start":{"line":6,"column":0},"end":{"line":6,"column":6}},"loc":{"start":{"line":6,"column":21},"end":{"line":23,"column":1}}},"1":{"name":"(anonymous_1)","decl":{"start":{"line":33,"column":2},"end":{"line":33,"column":14}},"loc":{"start":{"line":33,"column":32},"end":{"line":40,"column":3}}},"2":{"name":"(anonymous_2)","decl":{"start":{"line":45,"column":2},"end":{"line":45,"column":10}},"loc":{"start":{"line":45,"column":24},"end":{"line":52,"column":3}}},"3":{"name":"(anonymous_3)","decl":{"start":{"line":57,"column":2},"end":{"line":57,"column":6}},"loc":{"start":{"line":57,"column":11},"end":{"line":59,"column":3}}},"4":{"name":"(anonymous_4)","decl":{"start":{"line":64,"column":2},"end":{"line":64,"column":6}},"loc":{"start":{"line":64,"column":10},"end":{"line":66,"column":3}}},"5":{"name":"(anonymous_5)","decl":{"start":{"line":71,"column":2},"end":{"line":71,"column":6}},"loc":{"start":{"line":71,"column":15},"end":{"line":73,"column":3}}},"6":{"name":"(anonymous_6)","decl":{"start":{"line":78,"column":2},"end":{"line":78,"column":9}},"loc":{"start":{"line":78,"column":9},"end":{"line":80,"column":3}}},"7":{"name":"(anonymous_7)","decl":{"start":{"line":85,"column":2},"end":{"line":85,"column":9}},"loc":{"start":{"line":85,"column":9},"end":{"line":87,"column":3}}},"8":{"name":"(anonymous_8)","decl":{"start":{"line":92,"column":10},"end":{"line":92,"column":26}},"loc":{"start":{"line":92,"column":26},"end":{"line":152,"column":3}}},"9":{"name":"(anonymous_9)","decl":{"start":{"line":125,"column":52},"end":{"line":125,"column":56}},"loc":{"start":{"line":125,"column":60},"end":{"line":125,"column":70}}},"10":{"name":"(anonymous_10)","decl":{"start":{"line":128,"column":52},"end":{"line":128,"column":56}},"loc":{"start":{"line":128,"column":60},"end":{"line":128,"column":70}}},"11":{"name":"(anonymous_11)","decl":{"start":{"line":133,"column":51},"end":{"line":133,"column":55}},"loc":{"start":{"line":133,"column":59},"end":{"line":133,"column":69}}},"12":{"name":"(anonymous_12)","decl":{"start":{"line":137,"column":51},"end":{"line":137,"column":55}},"loc":{"start":{"line":137,"column":59},"end":{"line":137,"column":69}}},"13":{"name":"(anonymous_13)","decl":{"start":{"line":141,"column":51},"end":{"line":141,"column":55}},"loc":{"start":{"line":141,"column":59},"end":{"line":141,"column":69}}},"14":{"name":"(anonymous_14)","decl":{"start":{"line":157,"column":10},"end":{"line":157,"column":26}},"loc":{"start":{"line":157,"column":26},"end":{"line":169,"column":3}}},"15":{"name":"(anonymous_15)","decl":{"start":{"line":174,"column":10},"end":{"line":174,"column":18}},"loc":{"start":{"line":174,"column":18},"end":{"line":178,"column":3}}},"16":{"name":"(anonymous_16)","decl":{"start":{"line":176,"column":29},"end":{"line":176,"column":33}},"loc":{"start":{"line":176,"column":37},"end":{"line":176,"column":51}}},"17":{"name":"(anonymous_17)","decl":{"start":{"line":183,"column":10},"end":{"line":183,"column":16}},"loc":{"start":{"line":183,"column":44},"end":{"line":185,"column":3}}},"18":{"name":"(anonymous_18)","decl":{"start":{"line":190,"column":10},"end":{"line":190,"column":18}},"loc":{"start":{"line":190,"column":18},"end":{"line":192,"column":3}}},"19":{"name":"(anonymous_19)","decl":{"start":{"line":197,"column":10},"end":{"line":197,"column":16}},"loc":{"start":{"line":197,"column":44},"end":{"line":199,"column":3}}},"20":{"name":"(anonymous_20)","decl":{"start":{"line":204,"column":10},"end":{"line":204,"column":16}},"loc":{"start":{"line":204,"column":44},"end":{"line":206,"column":3}}},"21":{"name":"(anonymous_21)","decl":{"start":{"line":211,"column":10},"end":{"line":211,"column":26}},"loc":{"start":{"line":211,"column":54},"end":{"line":215,"column":3}}},"22":{"name":"(anonymous_22)","decl":{"start":{"line":220,"column":10},"end":{"line":220,"column":24}},"loc":{"start":{"line":220,"column":52},"end":{"line":225,"column":3}}},"23":{"name":"(anonymous_23)","decl":{"start":{"line":230,"column":10},"end":{"line":230,"column":20}},"loc":{"start":{"line":230,"column":20},"end":{"line":249,"column":3}}},"24":{"name":"(anonymous_24)","decl":{"start":{"line":234,"column":25},"end":{"line":234,"column":29}},"loc":{"start":{"line":234,"column":33},"end":{"line":234,"column":67}}},"25":{"name":"(anonymous_25)","decl":{"start":{"line":239,"column":46},"end":{"line":239,"column":47}},"loc":{"start":{"line":239,"column":56},"end":{"line":239,"column":73}}},"26":{"name":"(anonymous_26)","decl":{"start":{"line":254,"column":10},"end":{"line":254,"column":24}},"loc":{"start":{"line":254,"column":52},"end":{"line":279,"column":3}}},"27":{"name":"(anonymous_27)","decl":{"start":{"line":261,"column":34},"end":{"line":261,"column":39}},"loc":{"start":{"line":261,"column":43},"end":{"line":261,"column":61}}},"28":{"name":"(anonymous_28)","decl":{"start":{"line":266,"column":25},"end":{"line":266,"column":29}},"loc":{"start":{"line":266,"column":33},"end":{"line":266,"column":67}}},"29":{"name":"(anonymous_29)","decl":{"start":{"line":271,"column":43},"end":{"line":271,"column":44}},"loc":{"start":{"line":271,"column":53},"end":{"line":271,"column":58}}},"30":{"name":"(anonymous_30)","decl":{"start":{"line":284,"column":10},"end":{"line":284,"column":20}},"loc":{"start":{"line":284,"column":48},"end":{"line":315,"column":3}}},"31":{"name":"(anonymous_31)","decl":{"start":{"line":292,"column":14},"end":{"line":292,"column":15}},"loc":{"start":{"line":292,"column":29},"end":{"line":292,"column":47}}},"32":{"name":"(anonymous_32)","decl":{"start":{"line":293,"column":11},"end":{"line":293,"column":12}},"loc":{"start":{"line":293,"column":24},"end":{"line":293,"column":29}}},"33":{"name":"(anonymous_33)","decl":{"start":{"line":294,"column":12},"end":{"line":294,"column":13}},"loc":{"start":{"line":294,"column":22},"end":{"line":294,"column":27}}},"34":{"name":"(anonymous_34)","decl":{"start":{"line":302,"column":24},"end":{"line":302,"column":29}},"loc":{"start":{"line":302,"column":33},"end":{"line":302,"column":44}}},"35":{"name":"(anonymous_35)","decl":{"start":{"line":320,"column":10},"end":{"line":320,"column":30}},"loc":{"start":{"line":320,"column":58},"end":{"line":352,"column":3}}},"36":{"name":"(anonymous_36)","decl":{"start":{"line":323,"column":14},"end":{"line":323,"column":15}},"loc":{"start":{"line":323,"column":29},"end":{"line":323,"column":47}}},"37":{"name":"(anonymous_37)","decl":{"start":{"line":332,"column":39},"end":{"line":332,"column":40}},"loc":{"start":{"line":332,"column":52},"end":{"line":332,"column":57}}},"38":{"name":"(anonymous_38)","decl":{"start":{"line":332,"column":64},"end":{"line":332,"column":65}},"loc":{"start":{"line":332,"column":74},"end":{"line":332,"column":79}}},"39":{"name":"(anonymous_39)","decl":{"start":{"line":335,"column":24},"end":{"line":335,"column":29}},"loc":{"start":{"line":335,"column":33},"end":{"line":335,"column":44}}},"40":{"name":"(anonymous_40)","decl":{"start":{"line":346,"column":52},"end":{"line":346,"column":57}},"loc":{"start":{"line":346,"column":61},"end":{"line":346,"column":79}}},"41":{"name":"(anonymous_41)","decl":{"start":{"line":347,"column":59},"end":{"line":347,"column":64}},"loc":{"start":{"line":347,"column":68},"end":{"line":347,"column":86}}},"42":{"name":"(anonymous_42)","decl":{"start":{"line":357,"column":10},"end":{"line":357,"column":28}},"loc":{"start":{"line":357,"column":56},"end":{"line":384,"column":3}}},"43":{"name":"(anonymous_43)","decl":{"start":{"line":360,"column":14},"end":{"line":360,"column":15}},"loc":{"start":{"line":360,"column":29},"end":{"line":360,"column":47}}},"44":{"name":"(anonymous_44)","decl":{"start":{"line":369,"column":39},"end":{"line":369,"column":40}},"loc":{"start":{"line":369,"column":52},"end":{"line":369,"column":57}}},"45":{"name":"(anonymous_45)","decl":{"start":{"line":369,"column":64},"end":{"line":369,"column":65}},"loc":{"start":{"line":369,"column":74},"end":{"line":369,"column":79}}},"46":{"name":"(anonymous_46)","decl":{"start":{"line":372,"column":24},"end":{"line":372,"column":29}},"loc":{"start":{"line":372,"column":33},"end":{"line":372,"column":44}}},"47":{"name":"(anonymous_47)","decl":{"start":{"line":383,"column":39},"end":{"line":383,"column":44}},"loc":{"start":{"line":383,"column":48},"end":{"line":383,"column":66}}},"48":{"name":"(anonymous_48)","decl":{"start":{"line":389,"column":10},"end":{"line":389,"column":29}},"loc":{"start":{"line":389,"column":57},"end":{"line":393,"column":3}}},"49":{"name":"(anonymous_49)","decl":{"start":{"line":398,"column":10},"end":{"line":398,"column":27}},"loc":{"start":{"line":398,"column":55},"end":{"line":406,"column":3}}},"50":{"name":"(anonymous_50)","decl":{"start":{"line":404,"column":50},"end":{"line":404,"column":55}},"loc":{"start":{"line":404,"column":59},"end":{"line":404,"column":77}}},"51":{"name":"(anonymous_51)","decl":{"start":{"line":411,"column":10},"end":{"line":411,"column":24}},"loc":{"start":{"line":411,"column":66},"end":{"line":413,"column":3}}},"52":{"name":"(anonymous_52)","decl":{"start":{"line":412,"column":37},"end":{"line":412,"column":42}},"loc":{"start":{"line":412,"column":46},"end":{"line":412,"column":67}}},"53":{"name":"(anonymous_53)","decl":{"start":{"line":418,"column":10},"end":{"line":418,"column":25}},"loc":{"start":{"line":418,"column":67},"end":{"line":425,"column":3}}},"54":{"name":"(anonymous_54)","decl":{"start":{"line":430,"column":10},"end":{"line":430,"column":29}},"loc":{"start":{"line":430,"column":71},"end":{"line":438,"column":3}}},"55":{"name":"(anonymous_55)","decl":{"start":{"line":443,"column":2},"end":{"line":443,"column":9}},"loc":{"start":{"line":443,"column":26},"end":{"line":469,"column":3}}}},"branchMap":{"0":{"loc":{"start":{"line":6,"column":12},"end":{"line":6,"column":null}},"type":"binary-expr","locations":[{"start":{"line":6,"column":12},"end":{"line":6,"column":21}},{"start":{"line":6,"column":12},"end":{"line":6,"column":null}}]},"1":{"loc":{"start":{"line":33,"column":14},"end":{"line":33,"column":32}},"type":"default-arg","locations":[{"start":{"line":33,"column":30},"end":{"line":33,"column":32}}]},"2":{"loc":{"start":{"line":35,"column":4},"end":{"line":39,"column":5}},"type":"if","locations":[{"start":{"line":35,"column":4},"end":{"line":39,"column":5}},{"start":{"line":37,"column":11},"end":{"line":39,"column":5}}]},"3":{"loc":{"start":{"line":47,"column":4},"end":{"line":51,"column":5}},"type":"if","locations":[{"start":{"line":47,"column":4},"end":{"line":51,"column":5}},{"start":{"line":49,"column":11},"end":{"line":51,"column":5}}]},"4":{"loc":{"start":{"line":94,"column":4},"end":{"line":96,"column":5}},"type":"if","locations":[{"start":{"line":94,"column":4},"end":{"line":96,"column":5}}]},"5":{"loc":{"start":{"line":102,"column":4},"end":{"line":151,"column":5}},"type":"if","locations":[{"start":{"line":102,"column":4},"end":{"line":151,"column":5}},{"start":{"line":105,"column":11},"end":{"line":151,"column":5}}]},"6":{"loc":{"start":{"line":105,"column":11},"end":{"line":151,"column":5}},"type":"if","locations":[{"start":{"line":105,"column":11},"end":{"line":151,"column":5}},{"start":{"line":108,"column":11},"end":{"line":151,"column":5}}]},"7":{"loc":{"start":{"line":108,"column":11},"end":{"line":151,"column":5}},"type":"if","locations":[{"start":{"line":108,"column":11},"end":{"line":151,"column":5}},{"start":{"line":111,"column":11},"end":{"line":151,"column":5}}]},"8":{"loc":{"start":{"line":111,"column":11},"end":{"line":151,"column":5}},"type":"if","locations":[{"start":{"line":111,"column":11},"end":{"line":151,"column":5}},{"start":{"line":114,"column":11},"end":{"line":151,"column":5}}]},"9":{"loc":{"start":{"line":114,"column":11},"end":{"line":151,"column":5}},"type":"if","locations":[{"start":{"line":114,"column":11},"end":{"line":151,"column":5}},{"start":{"line":117,"column":11},"end":{"line":151,"column":5}}]},"10":{"loc":{"start":{"line":117,"column":11},"end":{"line":151,"column":5}},"type":"if","locations":[{"start":{"line":117,"column":11},"end":{"line":151,"column":5}},{"start":{"line":120,"column":11},"end":{"line":151,"column":5}}]},"11":{"loc":{"start":{"line":120,"column":11},"end":{"line":151,"column":5}},"type":"if","locations":[{"start":{"line":120,"column":11},"end":{"line":151,"column":5}},{"start":{"line":123,"column":11},"end":{"line":151,"column":5}}]},"12":{"loc":{"start":{"line":123,"column":11},"end":{"line":151,"column":5}},"type":"if","locations":[{"start":{"line":123,"column":11},"end":{"line":151,"column":5}},{"start":{"line":126,"column":11},"end":{"line":151,"column":5}}]},"13":{"loc":{"start":{"line":126,"column":11},"end":{"line":151,"column":5}},"type":"if","locations":[{"start":{"line":126,"column":11},"end":{"line":151,"column":5}},{"start":{"line":129,"column":11},"end":{"line":151,"column":5}}]},"14":{"loc":{"start":{"line":129,"column":11},"end":{"line":151,"column":5}},"type":"if","locations":[{"start":{"line":129,"column":11},"end":{"line":151,"column":5}},{"start":{"line":134,"column":11},"end":{"line":151,"column":5}}]},"15":{"loc":{"start":{"line":134,"column":11},"end":{"line":151,"column":5}},"type":"if","locations":[{"start":{"line":134,"column":11},"end":{"line":151,"column":5}},{"start":{"line":138,"column":11},"end":{"line":151,"column":5}}]},"16":{"loc":{"start":{"line":138,"column":11},"end":{"line":151,"column":5}},"type":"if","locations":[{"start":{"line":138,"column":11},"end":{"line":151,"column":5}},{"start":{"line":142,"column":11},"end":{"line":151,"column":5}}]},"17":{"loc":{"start":{"line":142,"column":11},"end":{"line":151,"column":5}},"type":"if","locations":[{"start":{"line":142,"column":11},"end":{"line":151,"column":5}},{"start":{"line":145,"column":11},"end":{"line":151,"column":5}}]},"18":{"loc":{"start":{"line":145,"column":11},"end":{"line":151,"column":5}},"type":"if","locations":[{"start":{"line":145,"column":11},"end":{"line":151,"column":5}},{"start":{"line":148,"column":11},"end":{"line":151,"column":5}}]},"19":{"loc":{"start":{"line":162,"column":6},"end":{"line":164,"column":7}},"type":"if","locations":[{"start":{"line":162,"column":6},"end":{"line":164,"column":7}}]},"20":{"loc":{"start":{"line":175,"column":11},"end":{"line":177,"column":56}},"type":"binary-expr","locations":[{"start":{"line":175,"column":11},"end":{"line":175,"column":35}},{"start":{"line":176,"column":11},"end":{"line":176,"column":52}},{"start":{"line":177,"column":11},"end":{"line":177,"column":56}}]},"21":{"loc":{"start":{"line":184,"column":11},"end":{"line":184,"column":56}},"type":"binary-expr","locations":[{"start":{"line":184,"column":11},"end":{"line":184,"column":28}},{"start":{"line":184,"column":32},"end":{"line":184,"column":56}}]},"22":{"loc":{"start":{"line":198,"column":11},"end":{"line":198,"column":56}},"type":"binary-expr","locations":[{"start":{"line":198,"column":11},"end":{"line":198,"column":28}},{"start":{"line":198,"column":32},"end":{"line":198,"column":56}}]},"23":{"loc":{"start":{"line":205,"column":11},"end":{"line":205,"column":56}},"type":"binary-expr","locations":[{"start":{"line":205,"column":11},"end":{"line":205,"column":28}},{"start":{"line":205,"column":32},"end":{"line":205,"column":56}}]},"24":{"loc":{"start":{"line":212,"column":11},"end":{"line":214,"column":41}},"type":"binary-expr","locations":[{"start":{"line":212,"column":11},"end":{"line":212,"column":35}},{"start":{"line":213,"column":11},"end":{"line":213,"column":28}},{"start":{"line":214,"column":11},"end":{"line":214,"column":41}}]},"25":{"loc":{"start":{"line":221,"column":11},"end":{"line":224,"column":41}},"type":"binary-expr","locations":[{"start":{"line":221,"column":11},"end":{"line":221,"column":35}},{"start":{"line":222,"column":11},"end":{"line":222,"column":28}},{"start":{"line":223,"column":11},"end":{"line":223,"column":41}},{"start":{"line":224,"column":11},"end":{"line":224,"column":41}}]},"26":{"loc":{"start":{"line":231,"column":4},"end":{"line":231,"column":45}},"type":"if","locations":[{"start":{"line":231,"column":4},"end":{"line":231,"column":45}}]},"27":{"loc":{"start":{"line":234,"column":4},"end":{"line":236,"column":5}},"type":"if","locations":[{"start":{"line":234,"column":4},"end":{"line":236,"column":5}}]},"28":{"loc":{"start":{"line":234,"column":33},"end":{"line":234,"column":67}},"type":"binary-expr","locations":[{"start":{"line":234,"column":33},"end":{"line":234,"column":49}},{"start":{"line":234,"column":53},"end":{"line":234,"column":67}}]},"29":{"loc":{"start":{"line":243,"column":6},"end":{"line":245,"column":7}},"type":"if","locations":[{"start":{"line":243,"column":6},"end":{"line":245,"column":7}}]},"30":{"loc":{"start":{"line":256,"column":4},"end":{"line":258,"column":5}},"type":"if","locations":[{"start":{"line":256,"column":4},"end":{"line":258,"column":5}}]},"31":{"loc":{"start":{"line":256,"column":8},"end":{"line":256,"column":81}},"type":"binary-expr","locations":[{"start":{"line":256,"column":8},"end":{"line":256,"column":30}},{"start":{"line":256,"column":34},"end":{"line":256,"column":62}},{"start":{"line":256,"column":66},"end":{"line":256,"column":81}}]},"32":{"loc":{"start":{"line":261,"column":4},"end":{"line":263,"column":5}},"type":"if","locations":[{"start":{"line":261,"column":4},"end":{"line":263,"column":5}}]},"33":{"loc":{"start":{"line":266,"column":4},"end":{"line":268,"column":5}},"type":"if","locations":[{"start":{"line":266,"column":4},"end":{"line":268,"column":5}}]},"34":{"loc":{"start":{"line":266,"column":33},"end":{"line":266,"column":67}},"type":"binary-expr","locations":[{"start":{"line":266,"column":33},"end":{"line":266,"column":49}},{"start":{"line":266,"column":53},"end":{"line":266,"column":67}}]},"35":{"loc":{"start":{"line":273,"column":6},"end":{"line":275,"column":7}},"type":"if","locations":[{"start":{"line":273,"column":6},"end":{"line":275,"column":7}}]},"36":{"loc":{"start":{"line":286,"column":4},"end":{"line":288,"column":5}},"type":"if","locations":[{"start":{"line":286,"column":4},"end":{"line":288,"column":5}}]},"37":{"loc":{"start":{"line":286,"column":8},"end":{"line":286,"column":62}},"type":"binary-expr","locations":[{"start":{"line":286,"column":8},"end":{"line":286,"column":30}},{"start":{"line":286,"column":34},"end":{"line":286,"column":62}}]},"38":{"loc":{"start":{"line":297,"column":4},"end":{"line":299,"column":5}},"type":"if","locations":[{"start":{"line":297,"column":4},"end":{"line":299,"column":5}}]},"39":{"loc":{"start":{"line":302,"column":4},"end":{"line":304,"column":5}},"type":"if","locations":[{"start":{"line":302,"column":4},"end":{"line":304,"column":5}}]},"40":{"loc":{"start":{"line":308,"column":6},"end":{"line":310,"column":7}},"type":"if","locations":[{"start":{"line":308,"column":6},"end":{"line":310,"column":7}}]},"41":{"loc":{"start":{"line":327,"column":4},"end":{"line":329,"column":5}},"type":"if","locations":[{"start":{"line":327,"column":4},"end":{"line":329,"column":5}}]},"42":{"loc":{"start":{"line":327,"column":8},"end":{"line":327,"column":61}},"type":"binary-expr","locations":[{"start":{"line":327,"column":8},"end":{"line":327,"column":21}},{"start":{"line":327,"column":25},"end":{"line":327,"column":61}}]},"43":{"loc":{"start":{"line":335,"column":4},"end":{"line":337,"column":5}},"type":"if","locations":[{"start":{"line":335,"column":4},"end":{"line":337,"column":5}}]},"44":{"loc":{"start":{"line":340,"column":6},"end":{"line":342,"column":7}},"type":"if","locations":[{"start":{"line":340,"column":6},"end":{"line":342,"column":7}}]},"45":{"loc":{"start":{"line":364,"column":4},"end":{"line":366,"column":5}},"type":"if","locations":[{"start":{"line":364,"column":4},"end":{"line":366,"column":5}}]},"46":{"loc":{"start":{"line":364,"column":8},"end":{"line":364,"column":61}},"type":"binary-expr","locations":[{"start":{"line":364,"column":8},"end":{"line":364,"column":21}},{"start":{"line":364,"column":25},"end":{"line":364,"column":61}}]},"47":{"loc":{"start":{"line":372,"column":4},"end":{"line":374,"column":5}},"type":"if","locations":[{"start":{"line":372,"column":4},"end":{"line":374,"column":5}}]},"48":{"loc":{"start":{"line":377,"column":6},"end":{"line":379,"column":7}},"type":"if","locations":[{"start":{"line":377,"column":6},"end":{"line":379,"column":7}}]},"49":{"loc":{"start":{"line":390,"column":11},"end":{"line":392,"column":27}},"type":"binary-expr","locations":[{"start":{"line":390,"column":11},"end":{"line":390,"column":35}},{"start":{"line":391,"column":11},"end":{"line":391,"column":41}},{"start":{"line":392,"column":11},"end":{"line":392,"column":27}}]},"50":{"loc":{"start":{"line":399,"column":4},"end":{"line":401,"column":5}},"type":"if","locations":[{"start":{"line":399,"column":4},"end":{"line":401,"column":5}}]},"51":{"loc":{"start":{"line":399,"column":8},"end":{"line":399,"column":67}},"type":"binary-expr","locations":[{"start":{"line":399,"column":8},"end":{"line":399,"column":32}},{"start":{"line":399,"column":36},"end":{"line":399,"column":67}}]},"52":{"loc":{"start":{"line":420,"column":6},"end":{"line":422,"column":7}},"type":"if","locations":[{"start":{"line":420,"column":6},"end":{"line":422,"column":7}}]},"53":{"loc":{"start":{"line":433,"column":6},"end":{"line":435,"column":7}},"type":"if","locations":[{"start":{"line":433,"column":6},"end":{"line":435,"column":7}}]},"54":{"loc":{"start":{"line":445,"column":4},"end":{"line":447,"column":5}},"type":"if","locations":[{"start":{"line":445,"column":4},"end":{"line":447,"column":5}}]},"55":{"loc":{"start":{"line":450,"column":4},"end":{"line":452,"column":5}},"type":"if","locations":[{"start":{"line":450,"column":4},"end":{"line":452,"column":5}}]},"56":{"loc":{"start":{"line":455,"column":4},"end":{"line":463,"column":5}},"type":"if","locations":[{"start":{"line":455,"column":4},"end":{"line":463,"column":5}}]},"57":{"loc":{"start":{"line":456,"column":6},"end":{"line":458,"column":7}},"type":"if","locations":[{"start":{"line":456,"column":6},"end":{"line":458,"column":7}}]},"58":{"loc":{"start":{"line":459,"column":6},"end":{"line":461,"column":7}},"type":"if","locations":[{"start":{"line":459,"column":6},"end":{"line":461,"column":7}}]},"59":{"loc":{"start":{"line":466,"column":11},"end":{"line":468,"column":43}},"type":"binary-expr","locations":[{"start":{"line":466,"column":11},"end":{"line":466,"column":35}},{"start":{"line":467,"column":11},"end":{"line":467,"column":52}},{"start":{"line":468,"column":11},"end":{"line":468,"column":43}}]}},"s":{"0":3,"1":3,"2":3,"3":3,"4":3,"5":3,"6":3,"7":3,"8":3,"9":3,"10":3,"11":3,"12":3,"13":3,"14":3,"15":3,"16":3,"17":55,"18":55,"19":55,"20":55,"21":55,"22":34,"23":21,"24":0,"25":0,"26":0,"27":0,"28":6,"29":38,"30":13,"31":3,"32":4,"33":21,"34":0,"35":21,"36":21,"37":2,"38":2,"39":19,"40":3,"41":3,"42":16,"43":6,"44":6,"45":10,"46":2,"47":2,"48":8,"49":1,"50":1,"51":7,"52":1,"53":1,"54":6,"55":0,"56":0,"57":6,"58":2,"59":2,"60":10,"61":4,"62":1,"63":1,"64":6,"65":3,"66":1,"67":1,"68":1,"69":6,"70":2,"71":1,"72":1,"73":1,"74":6,"75":1,"76":0,"77":0,"78":0,"79":0,"80":1,"81":0,"82":0,"83":1,"84":0,"85":0,"86":1,"87":1,"88":21,"89":21,"90":65,"91":65,"92":39,"93":65,"94":21,"95":21,"96":7,"97":19,"98":16,"99":10,"100":8,"101":7,"102":6,"103":6,"104":1,"105":5,"106":30,"107":0,"108":5,"109":30,"110":5,"111":5,"112":12,"113":3,"114":2,"115":4,"116":2,"117":2,"118":4,"119":1,"120":1,"121":6,"122":0,"123":1,"124":2,"125":1,"126":1,"127":2,"128":0,"129":1,"130":3,"131":2,"132":1,"133":2,"134":2,"135":1,"136":1,"137":0,"138":1,"139":2,"140":0,"141":1,"142":1,"143":1,"144":0,"145":1,"146":2,"147":6,"148":2,"149":2,"150":1,"151":1,"152":2,"153":1,"154":1,"155":2,"156":0,"157":1,"158":1,"159":1,"160":0,"161":1,"162":4,"163":1,"164":4,"165":1,"166":1,"167":1,"168":2,"169":1,"170":1,"171":1,"172":0,"173":0,"174":0,"175":0,"176":0,"177":0,"178":0,"179":0,"180":0,"181":0,"182":0,"183":0,"184":1,"185":1,"186":1,"187":0,"188":0,"189":0,"190":1,"191":1,"192":2,"193":2,"194":2,"195":0,"196":2,"197":2,"198":6,"199":4,"200":2,"201":6,"202":0,"203":6,"204":1,"205":5,"206":1,"207":0,"208":1,"209":0,"210":1,"211":4},"f":{"0":3,"1":55,"2":0,"3":6,"4":38,"5":13,"6":3,"7":4,"8":21,"9":10,"10":6,"11":6,"12":6,"13":0,"14":21,"15":21,"16":7,"17":19,"18":16,"19":10,"20":8,"21":7,"22":6,"23":6,"24":30,"25":30,"26":4,"27":4,"28":6,"29":2,"30":3,"31":2,"32":2,"33":1,"34":2,"35":2,"36":6,"37":2,"38":1,"39":2,"40":4,"41":4,"42":1,"43":2,"44":0,"45":0,"46":0,"47":0,"48":1,"49":1,"50":0,"51":1,"52":1,"53":2,"54":2,"55":6},"b":{"0":[3,3],"1":[33],"2":[34,21],"3":[0,0],"4":[0],"5":[2,19],"6":[3,16],"7":[6,10],"8":[2,8],"9":[1,7],"10":[1,6],"11":[0,6],"12":[2,4],"13":[1,3],"14":[1,2],"15":[1,1],"16":[0,1],"17":[0,1],"18":[0,1],"19":[39],"20":[21,5,2],"21":[19,12],"22":[10,3],"23":[8,1],"24":[7,1,1],"25":[6,2,0,0],"26":[1],"27":[0],"28":[30,30],"29":[3],"30":[2],"31":[4,3,3],"32":[1],"33":[0],"34":[6,6],"35":[0],"36":[2],"37":[3,2],"38":[0],"39":[0],"40":[0],"41":[1],"42":[2,1],"43":[0],"44":[0],"45":[1],"46":[1,0],"47":[0],"48":[0],"49":[1,0,0],"50":[1],"51":[1,0],"52":[2],"53":[4],"54":[0],"55":[1],"56":[1],"57":[0],"58":[0],"59":[4,2,2]}}
,"/Users/lime/Code/chinese-poker/src/sdk/Deck.ts": {"path":"/Users/lime/Code/chinese-poker/src/sdk/Deck.ts","statementMap":{"0":{"start":{"line":7,"column":10},"end":{"line":7,"column":30}},"1":{"start":{"line":13,"column":4},"end":{"line":13,"column":22}},"2":{"start":{"line":21,"column":4},"end":{"line":21,"column":21}},"3":{"start":{"line":24,"column":18},"end":{"line":24,"column":67}},"4":{"start":{"line":25,"column":18},"end":{"line":29,"column":6}},"5":{"start":{"line":31,"column":4},"end":{"line":35,"column":7}},"6":{"start":{"line":32,"column":6},"end":{"line":34,"column":9}},"7":{"start":{"line":33,"column":8},"end":{"line":33,"column":47}},"8":{"start":{"line":38,"column":4},"end":{"line":38,"column":60}},"9":{"start":{"line":39,"column":4},"end":{"line":39,"column":58}},"10":{"start":{"line":46,"column":4},"end":{"line":49,"column":5}},"11":{"start":{"line":46,"column":17},"end":{"line":46,"column":39}},"12":{"start":{"line":47,"column":16},"end":{"line":47,"column":51}},"13":{"start":{"line":48,"column":6},"end":{"line":48,"column":74}},"14":{"start":{"line":58,"column":4},"end":{"line":61,"column":5}},"15":{"start":{"line":60,"column":6},"end":{"line":60,"column":55}},"16":{"start":{"line":62,"column":4},"end":{"line":62,"column":40}},"17":{"start":{"line":69,"column":4},"end":{"line":69,"column":30}},"18":{"start":{"line":76,"column":4},"end":{"line":76,"column":28}},"19":{"start":{"line":83,"column":4},"end":{"line":83,"column":22}},"20":{"start":{"line":84,"column":4},"end":{"line":84,"column":19}}},"fnMap":{"0":{"name":"(anonymous_0)","decl":{"start":{"line":12,"column":2},"end":{"line":12,"column":null}},"loc":{"start":{"line":12,"column":2},"end":{"line":14,"column":3}}},"1":{"name":"(anonymous_1)","decl":{"start":{"line":19,"column":10},"end":{"line":19,"column":20}},"loc":{"start":{"line":19,"column":20},"end":{"line":40,"column":3}}},"2":{"name":"(anonymous_2)","decl":{"start":{"line":31,"column":18},"end":{"line":31,"column":22}},"loc":{"start":{"line":31,"column":25},"end":{"line":35,"column":5}}},"3":{"name":"(anonymous_3)","decl":{"start":{"line":32,"column":20},"end":{"line":32,"column":24}},"loc":{"start":{"line":32,"column":27},"end":{"line":34,"column":7}}},"4":{"name":"(anonymous_4)","decl":{"start":{"line":45,"column":2},"end":{"line":45,"column":9}},"loc":{"start":{"line":45,"column":9},"end":{"line":50,"column":3}}},"5":{"name":"(anonymous_5)","decl":{"start":{"line":57,"column":2},"end":{"line":57,"column":6}},"loc":{"start":{"line":57,"column":20},"end":{"line":63,"column":3}}},"6":{"name":"(anonymous_6)","decl":{"start":{"line":68,"column":2},"end":{"line":68,"column":6}},"loc":{"start":{"line":68,"column":20},"end":{"line":70,"column":3}}},"7":{"name":"(anonymous_7)","decl":{"start":{"line":75,"column":2},"end":{"line":75,"column":6}},"loc":{"start":{"line":75,"column":11},"end":{"line":77,"column":3}}},"8":{"name":"(anonymous_8)","decl":{"start":{"line":82,"column":2},"end":{"line":82,"column":7}},"loc":{"start":{"line":82,"column":7},"end":{"line":85,"column":3}}}},"branchMap":{"0":{"loc":{"start":{"line":58,"column":4},"end":{"line":61,"column":5}},"type":"if","locations":[{"start":{"line":58,"column":4},"end":{"line":61,"column":5}}]}},"s":{"0":23,"1":23,"2":39,"3":39,"4":39,"5":39,"6":156,"7":2028,"8":39,"9":39,"10":32,"11":32,"12":1696,"13":1696,"14":66,"15":2,"16":64,"17":5,"18":0,"19":16,"20":16},"f":{"0":23,"1":39,"2":156,"3":2028,"4":32,"5":66,"6":5,"7":0,"8":16},"b":{"0":[2]}}
,"/Users/lime/Code/chinese-poker/src/sdk/Game.ts": {"path":"/Users/lime/Code/chinese-poker/src/sdk/Game.ts","statementMap":{"0":{"start":{"line":9,"column":0},"end":{"line":9,"column":null}},"1":{"start":{"line":10,"column":2},"end":{"line":10,"column":null}},"2":{"start":{"line":11,"column":2},"end":{"line":11,"column":null}},"3":{"start":{"line":12,"column":2},"end":{"line":12,"column":null}},"4":{"start":{"line":13,"column":2},"end":{"line":13,"column":null}},"5":{"start":{"line":14,"column":2},"end":{"line":14,"column":null}},"6":{"start":{"line":20,"column":0},"end":{"line":20,"column":null}},"7":{"start":{"line":21,"column":2},"end":{"line":21,"column":null}},"8":{"start":{"line":22,"column":2},"end":{"line":22,"column":null}},"9":{"start":{"line":23,"column":2},"end":{"line":23,"column":null}},"10":{"start":{"line":24,"column":2},"end":{"line":24,"column":null}},"11":{"start":{"line":25,"column":2},"end":{"line":25,"column":null}},"12":{"start":{"line":32,"column":10},"end":{"line":32,"column":34}},"13":{"start":{"line":33,"column":10},"end":{"line":33,"column":35}},"14":{"start":{"line":34,"column":10},"end":{"line":34,"column":48}},"15":{"start":{"line":35,"column":10},"end":{"line":35,"column":42}},"16":{"start":{"line":36,"column":10},"end":{"line":36,"column":56}},"17":{"start":{"line":37,"column":10},"end":{"line":37,"column":46}},"18":{"start":{"line":38,"column":10},"end":{"line":38,"column":38}},"19":{"start":{"line":39,"column":10},"end":{"line":39,"column":33}},"20":{"start":{"line":40,"column":10},"end":{"line":40,"column":36}},"21":{"start":{"line":47,"column":4},"end":{"line":51,"column":6}},"22":{"start":{"line":58,"column":4},"end":{"line":58,"column":23}},"23":{"start":{"line":65,"column":4},"end":{"line":65,"column":30}},"24":{"start":{"line":72,"column":4},"end":{"line":72,"column":51}},"25":{"start":{"line":79,"column":4},"end":{"line":79,"column":36}},"26":{"start":{"line":86,"column":4},"end":{"line":86,"column":33}},"27":{"start":{"line":93,"column":4},"end":{"line":93,"column":30}},"28":{"start":{"line":100,"column":4},"end":{"line":102,"column":5}},"29":{"start":{"line":101,"column":6},"end":{"line":101,"column":32}},"30":{"start":{"line":105,"column":4},"end":{"line":105,"column":52}},"31":{"start":{"line":105,"column":36},"end":{"line":105,"column":50}},"32":{"start":{"line":108,"column":4},"end":{"line":108,"column":44}},"33":{"start":{"line":109,"column":4},"end":{"line":109,"column":30}},"34":{"start":{"line":110,"column":4},"end":{"line":110,"column":24}},"35":{"start":{"line":111,"column":4},"end":{"line":111,"column":27}},"36":{"start":{"line":114,"column":4},"end":{"line":114,"column":23}},"37":{"start":{"line":115,"column":4},"end":{"line":115,"column":25}},"38":{"start":{"line":118,"column":4},"end":{"line":118,"column":36}},"39":{"start":{"line":121,"column":4},"end":{"line":123,"column":7}},"40":{"start":{"line":122,"column":6},"end":{"line":122,"column":43}},"41":{"start":{"line":126,"column":4},"end":{"line":126,"column":45}},"42":{"start":{"line":129,"column":4},"end":{"line":129,"column":36}},"43":{"start":{"line":132,"column":4},"end":{"line":132,"column":61}},"44":{"start":{"line":133,"column":4},"end":{"line":133,"column":60}},"45":{"start":{"line":142,"column":4},"end":{"line":144,"column":5}},"46":{"start":{"line":143,"column":6},"end":{"line":143,"column":19}},"47":{"start":{"line":146,"column":26},"end":{"line":146,"column":44}},"48":{"start":{"line":147,"column":4},"end":{"line":149,"column":5}},"49":{"start":{"line":148,"column":6},"end":{"line":148,"column":19}},"50":{"start":{"line":152,"column":4},"end":{"line":152,"column":25}},"51":{"start":{"line":154,"column":4},"end":{"line":183,"column":5}},"52":{"start":{"line":156,"column":6},"end":{"line":156,"column":47}},"53":{"start":{"line":157,"column":6},"end":{"line":157,"column":55}},"54":{"start":{"line":160,"column":6},"end":{"line":164,"column":9}},"55":{"start":{"line":161,"column":8},"end":{"line":163,"column":9}},"56":{"start":{"line":162,"column":10},"end":{"line":162,"column":42}},"57":{"start":{"line":167,"column":6},"end":{"line":167,"column":38}},"58":{"start":{"line":168,"column":6},"end":{"line":168,"column":18}},"59":{"start":{"line":171,"column":6},"end":{"line":171,"column":45}},"60":{"start":{"line":174,"column":6},"end":{"line":178,"column":7}},"61":{"start":{"line":175,"column":40},"end":{"line":175,"column":73}},"62":{"start":{"line":176,"column":8},"end":{"line":176,"column":23}},"63":{"start":{"line":177,"column":8},"end":{"line":177,"column":20}},"64":{"start":{"line":181,"column":6},"end":{"line":181,"column":22}},"65":{"start":{"line":182,"column":6},"end":{"line":182,"column":18}},"66":{"start":{"line":192,"column":4},"end":{"line":194,"column":5}},"67":{"start":{"line":193,"column":6},"end":{"line":193,"column":41}},"68":{"start":{"line":196,"column":26},"end":{"line":196,"column":44}},"69":{"start":{"line":197,"column":4},"end":{"line":199,"column":5}},"70":{"start":{"line":198,"column":6},"end":{"line":198,"column":38}},"71":{"start":{"line":202,"column":4},"end":{"line":204,"column":5}},"72":{"start":{"line":203,"column":6},"end":{"line":203,"column":33}},"73":{"start":{"line":207,"column":18},"end":{"line":207,"column":38}},"74":{"start":{"line":208,"column":4},"end":{"line":210,"column":5}},"75":{"start":{"line":209,"column":6},"end":{"line":209,"column":38}},"76":{"start":{"line":213,"column":4},"end":{"line":215,"column":5}},"77":{"start":{"line":214,"column":6},"end":{"line":214,"column":36}},"78":{"start":{"line":217,"column":4},"end":{"line":238,"column":5}},"79":{"start":{"line":219,"column":6},"end":{"line":219,"column":37}},"80":{"start":{"line":222,"column":6},"end":{"line":222,"column":36}},"81":{"start":{"line":223,"column":6},"end":{"line":223,"column":41}},"82":{"start":{"line":224,"column":6},"end":{"line":224,"column":26}},"83":{"start":{"line":227,"column":6},"end":{"line":230,"column":7}},"84":{"start":{"line":228,"column":8},"end":{"line":228,"column":36}},"85":{"start":{"line":229,"column":8},"end":{"line":229,"column":34}},"86":{"start":{"line":233,"column":6},"end":{"line":233,"column":22}},"87":{"start":{"line":235,"column":6},"end":{"line":235,"column":32}},"88":{"start":{"line":237,"column":6},"end":{"line":237,"column":38}},"89":{"start":{"line":246,"column":4},"end":{"line":248,"column":5}},"90":{"start":{"line":247,"column":6},"end":{"line":247,"column":41}},"91":{"start":{"line":250,"column":26},"end":{"line":250,"column":44}},"92":{"start":{"line":251,"column":4},"end":{"line":253,"column":5}},"93":{"start":{"line":252,"column":6},"end":{"line":252,"column":38}},"94":{"start":{"line":256,"column":4},"end":{"line":258,"column":5}},"95":{"start":{"line":257,"column":6},"end":{"line":257,"column":38}},"96":{"start":{"line":261,"column":4},"end":{"line":261,"column":22}},"97":{"start":{"line":264,"column":4},"end":{"line":279,"column":5}},"98":{"start":{"line":266,"column":30},"end":{"line":266,"column":84}},"99":{"start":{"line":266,"column":59},"end":{"line":266,"column":83}},"100":{"start":{"line":267,"column":6},"end":{"line":270,"column":7}},"101":{"start":{"line":268,"column":8},"end":{"line":268,"column":76}},"102":{"start":{"line":268,"column":40},"end":{"line":268,"column":74}},"103":{"start":{"line":269,"column":8},"end":{"line":269,"column":51}},"104":{"start":{"line":273,"column":6},"end":{"line":273,"column":46}},"105":{"start":{"line":274,"column":6},"end":{"line":274,"column":32}},"106":{"start":{"line":275,"column":6},"end":{"line":275,"column":26}},"107":{"start":{"line":278,"column":6},"end":{"line":278,"column":22}},"108":{"start":{"line":281,"column":4},"end":{"line":281,"column":30}},"109":{"start":{"line":288,"column":4},"end":{"line":288,"column":40}},"110":{"start":{"line":289,"column":4},"end":{"line":289,"column":85}},"111":{"start":{"line":290,"column":4},"end":{"line":290,"column":39}},"112":{"start":{"line":297,"column":4},"end":{"line":297,"column":38}},"113":{"start":{"line":300,"column":26},"end":{"line":300,"column":61}},"114":{"start":{"line":303,"column":4},"end":{"line":309,"column":7}},"115":{"start":{"line":304,"column":6},"end":{"line":304,"column":30}},"116":{"start":{"line":307,"column":6},"end":{"line":308,"column":79}},"117":{"start":{"line":316,"column":4},"end":{"line":316,"column":36}},"118":{"start":{"line":317,"column":4},"end":{"line":317,"column":17}}},"fnMap":{"0":{"name":"(anonymous_0)","decl":{"start":{"line":9,"column":0},"end":{"line":9,"column":6}},"loc":{"start":{"line":9,"column":21},"end":{"line":15,"column":1}}},"1":{"name":"(anonymous_1)","decl":{"start":{"line":20,"column":0},"end":{"line":20,"column":6}},"loc":{"start":{"line":20,"column":22},"end":{"line":26,"column":1}}},"2":{"name":"(anonymous_2)","decl":{"start":{"line":45,"column":2},"end":{"line":45,"column":null}},"loc":{"start":{"line":45,"column":2},"end":{"line":52,"column":3}}},"3":{"name":"(anonymous_3)","decl":{"start":{"line":57,"column":2},"end":{"line":57,"column":6}},"loc":{"start":{"line":57,"column":11},"end":{"line":59,"column":3}}},"4":{"name":"(anonymous_4)","decl":{"start":{"line":64,"column":2},"end":{"line":64,"column":6}},"loc":{"start":{"line":64,"column":13},"end":{"line":66,"column":3}}},"5":{"name":"(anonymous_5)","decl":{"start":{"line":71,"column":2},"end":{"line":71,"column":6}},"loc":{"start":{"line":71,"column":19},"end":{"line":73,"column":3}}},"6":{"name":"(anonymous_6)","decl":{"start":{"line":78,"column":2},"end":{"line":78,"column":6}},"loc":{"start":{"line":78,"column":19},"end":{"line":80,"column":3}}},"7":{"name":"(anonymous_7)","decl":{"start":{"line":85,"column":2},"end":{"line":85,"column":6}},"loc":{"start":{"line":85,"column":21},"end":{"line":87,"column":3}}},"8":{"name":"(anonymous_8)","decl":{"start":{"line":92,"column":2},"end":{"line":92,"column":6}},"loc":{"start":{"line":92,"column":18},"end":{"line":94,"column":3}}},"9":{"name":"(anonymous_9)","decl":{"start":{"line":99,"column":2},"end":{"line":99,"column":7}},"loc":{"start":{"line":99,"column":7},"end":{"line":134,"column":3}}},"10":{"name":"(anonymous_10)","decl":{"start":{"line":105,"column":26},"end":{"line":105,"column":32}},"loc":{"start":{"line":105,"column":36},"end":{"line":105,"column":50}}},"11":{"name":"(anonymous_11)","decl":{"start":{"line":121,"column":26},"end":{"line":121,"column":32}},"loc":{"start":{"line":121,"column":35},"end":{"line":123,"column":5}}},"12":{"name":"(anonymous_12)","decl":{"start":{"line":141,"column":2},"end":{"line":141,"column":5}},"loc":{"start":{"line":141,"column":36},"end":{"line":184,"column":3}}},"13":{"name":"(anonymous_13)","decl":{"start":{"line":160,"column":28},"end":{"line":160,"column":34}},"loc":{"start":{"line":160,"column":37},"end":{"line":164,"column":7}}},"14":{"name":"(anonymous_14)","decl":{"start":{"line":175,"column":30},"end":{"line":175,"column":36}},"loc":{"start":{"line":175,"column":40},"end":{"line":175,"column":73}}},"15":{"name":"(anonymous_15)","decl":{"start":{"line":191,"column":2},"end":{"line":191,"column":6}},"loc":{"start":{"line":191,"column":38},"end":{"line":239,"column":3}}},"16":{"name":"(anonymous_16)","decl":{"start":{"line":245,"column":2},"end":{"line":245,"column":6}},"loc":{"start":{"line":245,"column":23},"end":{"line":282,"column":3}}},"17":{"name":"(anonymous_17)","decl":{"start":{"line":266,"column":54},"end":{"line":266,"column":55}},"loc":{"start":{"line":266,"column":59},"end":{"line":266,"column":83}}},"18":{"name":"(anonymous_18)","decl":{"start":{"line":268,"column":30},"end":{"line":268,"column":31}},"loc":{"start":{"line":268,"column":40},"end":{"line":268,"column":74}}},"19":{"name":"(anonymous_19)","decl":{"start":{"line":287,"column":10},"end":{"line":287,"column":18}},"loc":{"start":{"line":287,"column":18},"end":{"line":291,"column":3}}},"20":{"name":"(anonymous_20)","decl":{"start":{"line":296,"column":10},"end":{"line":296,"column":17}},"loc":{"start":{"line":296,"column":32},"end":{"line":310,"column":3}}},"21":{"name":"(anonymous_21)","decl":{"start":{"line":303,"column":26},"end":{"line":303,"column":32}},"loc":{"start":{"line":303,"column":35},"end":{"line":309,"column":5}}},"22":{"name":"(anonymous_22)","decl":{"start":{"line":315,"column":2},"end":{"line":315,"column":9}},"loc":{"start":{"line":315,"column":9},"end":{"line":318,"column":3}}}},"branchMap":{"0":{"loc":{"start":{"line":9,"column":12},"end":{"line":9,"column":null}},"type":"binary-expr","locations":[{"start":{"line":9,"column":12},"end":{"line":9,"column":21}},{"start":{"line":9,"column":12},"end":{"line":9,"column":null}}]},"1":{"loc":{"start":{"line":20,"column":12},"end":{"line":20,"column":null}},"type":"binary-expr","locations":[{"start":{"line":20,"column":12},"end":{"line":20,"column":22}},{"start":{"line":20,"column":12},"end":{"line":20,"column":null}}]},"2":{"loc":{"start":{"line":100,"column":4},"end":{"line":102,"column":5}},"type":"if","locations":[{"start":{"line":100,"column":4},"end":{"line":102,"column":5}}]},"3":{"loc":{"start":{"line":142,"column":4},"end":{"line":144,"column":5}},"type":"if","locations":[{"start":{"line":142,"column":4},"end":{"line":144,"column":5}}]},"4":{"loc":{"start":{"line":147,"column":4},"end":{"line":149,"column":5}},"type":"if","locations":[{"start":{"line":147,"column":4},"end":{"line":149,"column":5}}]},"5":{"loc":{"start":{"line":154,"column":4},"end":{"line":183,"column":5}},"type":"if","locations":[{"start":{"line":154,"column":4},"end":{"line":183,"column":5}},{"start":{"line":169,"column":11},"end":{"line":183,"column":5}}]},"6":{"loc":{"start":{"line":161,"column":8},"end":{"line":163,"column":9}},"type":"if","locations":[{"start":{"line":161,"column":8},"end":{"line":163,"column":9}}]},"7":{"loc":{"start":{"line":174,"column":6},"end":{"line":178,"column":7}},"type":"if","locations":[{"start":{"line":174,"column":6},"end":{"line":178,"column":7}}]},"8":{"loc":{"start":{"line":174,"column":10},"end":{"line":175,"column":74}},"type":"binary-expr","locations":[{"start":{"line":174,"column":10},"end":{"line":174,"column":52}},{"start":{"line":175,"column":10},"end":{"line":175,"column":74}}]},"9":{"loc":{"start":{"line":192,"column":4},"end":{"line":194,"column":5}},"type":"if","locations":[{"start":{"line":192,"column":4},"end":{"line":194,"column":5}}]},"10":{"loc":{"start":{"line":197,"column":4},"end":{"line":199,"column":5}},"type":"if","locations":[{"start":{"line":197,"column":4},"end":{"line":199,"column":5}}]},"11":{"loc":{"start":{"line":202,"column":4},"end":{"line":204,"column":5}},"type":"if","locations":[{"start":{"line":202,"column":4},"end":{"line":204,"column":5}}]},"12":{"loc":{"start":{"line":208,"column":4},"end":{"line":210,"column":5}},"type":"if","locations":[{"start":{"line":208,"column":4},"end":{"line":210,"column":5}}]},"13":{"loc":{"start":{"line":213,"column":4},"end":{"line":215,"column":5}},"type":"if","locations":[{"start":{"line":213,"column":4},"end":{"line":215,"column":5}}]},"14":{"loc":{"start":{"line":213,"column":8},"end":{"line":213,"column":121}},"type":"binary-expr","locations":[{"start":{"line":213,"column":8},"end":{"line":213,"column":40}},{"start":{"line":213,"column":44},"end":{"line":213,"column":80}},{"start":{"line":213,"column":84},"end":{"line":213,"column":121}}]},"15":{"loc":{"start":{"line":227,"column":6},"end":{"line":230,"column":7}},"type":"if","locations":[{"start":{"line":227,"column":6},"end":{"line":230,"column":7}}]},"16":{"loc":{"start":{"line":246,"column":4},"end":{"line":248,"column":5}},"type":"if","locations":[{"start":{"line":246,"column":4},"end":{"line":248,"column":5}}]},"17":{"loc":{"start":{"line":251,"column":4},"end":{"line":253,"column":5}},"type":"if","locations":[{"start":{"line":251,"column":4},"end":{"line":253,"column":5}}]},"18":{"loc":{"start":{"line":256,"column":4},"end":{"line":258,"column":5}},"type":"if","locations":[{"start":{"line":256,"column":4},"end":{"line":258,"column":5}}]},"19":{"loc":{"start":{"line":256,"column":8},"end":{"line":256,"column":79}},"type":"binary-expr","locations":[{"start":{"line":256,"column":8},"end":{"line":256,"column":39}},{"start":{"line":256,"column":43},"end":{"line":256,"column":79}}]},"20":{"loc":{"start":{"line":264,"column":4},"end":{"line":279,"column":5}},"type":"if","locations":[{"start":{"line":264,"column":4},"end":{"line":279,"column":5}},{"start":{"line":276,"column":11},"end":{"line":279,"column":5}}]},"21":{"loc":{"start":{"line":267,"column":6},"end":{"line":270,"column":7}},"type":"if","locations":[{"start":{"line":267,"column":6},"end":{"line":270,"column":7}}]},"22":{"loc":{"start":{"line":307,"column":24},"end":{"line":308,"column":78}},"type":"binary-expr","locations":[{"start":{"line":307,"column":25},"end":{"line":307,"column":38}},{"start":{"line":307,"column":42},"end":{"line":307,"column":77}},{"start":{"line":308,"column":26},"end":{"line":308,"column":40}},{"start":{"line":308,"column":44},"end":{"line":308,"column":77}}]}},"s":{"0":2,"1":2,"2":2,"3":2,"4":2,"5":2,"6":2,"7":2,"8":2,"9":2,"10":2,"11":2,"12":16,"13":16,"14":16,"15":16,"16":16,"17":16,"18":16,"19":16,"20":16,"21":16,"22":15,"23":26,"24":33,"25":5,"26":7,"27":3,"28":20,"29":5,"30":15,"31":45,"32":15,"33":15,"34":15,"35":15,"36":15,"37":15,"38":15,"39":15,"40":45,"41":15,"42":15,"43":15,"44":15,"45":13,"46":2,"47":11,"48":11,"49":0,"50":11,"51":11,"52":7,"53":7,"54":7,"55":21,"56":14,"57":7,"58":7,"59":4,"60":4,"61":3,"62":1,"63":1,"64":3,"65":3,"66":4,"67":0,"68":4,"69":4,"70":1,"71":3,"72":0,"73":3,"74":3,"75":1,"76":2,"77":0,"78":2,"79":2,"80":2,"81":2,"82":2,"83":2,"84":0,"85":0,"86":2,"87":2,"88":0,"89":1,"90":0,"91":1,"92":1,"93":0,"94":1,"95":0,"96":1,"97":1,"98":0,"99":0,"100":0,"101":0,"102":0,"103":0,"104":0,"105":0,"106":0,"107":1,"108":1,"109":6,"110":6,"111":6,"112":1,"113":1,"114":1,"115":3,"116":3,"117":2,"118":2},"f":{"0":2,"1":2,"2":16,"3":15,"4":26,"5":33,"6":5,"7":7,"8":3,"9":20,"10":45,"11":45,"12":13,"13":21,"14":3,"15":4,"16":1,"17":0,"18":0,"19":6,"20":1,"21":3,"22":2},"b":{"0":[2,2],"1":[2,2],"2":[5],"3":[2],"4":[0],"5":[7,4],"6":[14],"7":[1],"8":[4,1],"9":[0],"10":[1],"11":[0],"12":[1],"13":[0],"14":[2,0,0],"15":[0],"16":[0],"17":[0],"18":[0],"19":[1,1],"20":[0,1],"21":[0],"22":[3,3,2,0]}}
,"/Users/lime/Code/chinese-poker/src/sdk/Player.ts": {"path":"/Users/lime/Code/chinese-poker/src/sdk/Player.ts","statementMap":{"0":{"start":{"line":6,"column":0},"end":{"line":6,"column":null}},"1":{"start":{"line":7,"column":2},"end":{"line":7,"column":null}},"2":{"start":{"line":8,"column":2},"end":{"line":8,"column":null}},"3":{"start":{"line":17,"column":10},"end":{"line":17,"column":48}},"4":{"start":{"line":18,"column":10},"end":{"line":18,"column":30}},"5":{"start":{"line":19,"column":10},"end":{"line":19,"column":37}},"6":{"start":{"line":20,"column":10},"end":{"line":20,"column":37}},"7":{"start":{"line":23,"column":4},"end":{"line":23,"column":18}},"8":{"start":{"line":24,"column":4},"end":{"line":24,"column":22}},"9":{"start":{"line":31,"column":4},"end":{"line":31,"column":20}},"10":{"start":{"line":38,"column":4},"end":{"line":38,"column":22}},"11":{"start":{"line":45,"column":4},"end":{"line":45,"column":23}},"12":{"start":{"line":52,"column":4},"end":{"line":52,"column":22}},"13":{"start":{"line":59,"column":4},"end":{"line":59,"column":23}},"14":{"start":{"line":66,"column":4},"end":{"line":66,"column":28}},"15":{"start":{"line":73,"column":4},"end":{"line":73,"column":53}},"16":{"start":{"line":73,"column":38},"end":{"line":73,"column":51}},"17":{"start":{"line":80,"column":4},"end":{"line":80,"column":26}},"18":{"start":{"line":87,"column":4},"end":{"line":87,"column":27}},"19":{"start":{"line":94,"column":4},"end":{"line":94,"column":26}},"20":{"start":{"line":101,"column":4},"end":{"line":101,"column":27}},"21":{"start":{"line":108,"column":4},"end":{"line":108,"column":31}},"22":{"start":{"line":109,"column":4},"end":{"line":109,"column":21}},"23":{"start":{"line":118,"column":4},"end":{"line":120,"column":5}},"24":{"start":{"line":118,"column":29},"end":{"line":118,"column":55}},"25":{"start":{"line":119,"column":6},"end":{"line":119,"column":36}},"26":{"start":{"line":123,"column":4},"end":{"line":123,"column":68}},"27":{"start":{"line":123,"column":45},"end":{"line":123,"column":66}},"28":{"start":{"line":125,"column":4},"end":{"line":125,"column":17}},"29":{"start":{"line":132,"column":26},"end":{"line":132,"column":44}},"30":{"start":{"line":133,"column":4},"end":{"line":135,"column":5}},"31":{"start":{"line":134,"column":6},"end":{"line":134,"column":33}},"32":{"start":{"line":136,"column":4},"end":{"line":136,"column":41}},"33":{"start":{"line":143,"column":4},"end":{"line":143,"column":55}},"34":{"start":{"line":143,"column":32},"end":{"line":143,"column":53}},"35":{"start":{"line":150,"column":4},"end":{"line":150,"column":50}},"36":{"start":{"line":150,"column":31},"end":{"line":150,"column":48}},"37":{"start":{"line":157,"column":4},"end":{"line":157,"column":21}},"38":{"start":{"line":158,"column":4},"end":{"line":158,"column":35}},"39":{"start":{"line":159,"column":4},"end":{"line":159,"column":27}},"40":{"start":{"line":166,"column":4},"end":{"line":166,"column":30}}},"fnMap":{"0":{"name":"(anonymous_0)","decl":{"start":{"line":6,"column":0},"end":{"line":6,"column":6}},"loc":{"start":{"line":6,"column":22},"end":{"line":9,"column":1}}},"1":{"name":"(anonymous_1)","decl":{"start":{"line":22,"column":2},"end":{"line":22,"column":14}},"loc":{"start":{"line":22,"column":38},"end":{"line":25,"column":3}}},"2":{"name":"(anonymous_2)","decl":{"start":{"line":30,"column":2},"end":{"line":30,"column":6}},"loc":{"start":{"line":30,"column":8},"end":{"line":32,"column":3}}},"3":{"name":"(anonymous_3)","decl":{"start":{"line":37,"column":2},"end":{"line":37,"column":6}},"loc":{"start":{"line":37,"column":10},"end":{"line":39,"column":3}}},"4":{"name":"(anonymous_4)","decl":{"start":{"line":44,"column":2},"end":{"line":44,"column":6}},"loc":{"start":{"line":44,"column":24},"end":{"line":46,"column":3}}},"5":{"name":"(anonymous_5)","decl":{"start":{"line":51,"column":2},"end":{"line":51,"column":6}},"loc":{"start":{"line":51,"column":10},"end":{"line":53,"column":3}}},"6":{"name":"(anonymous_6)","decl":{"start":{"line":58,"column":2},"end":{"line":58,"column":6}},"loc":{"start":{"line":58,"column":28},"end":{"line":60,"column":3}}},"7":{"name":"(anonymous_7)","decl":{"start":{"line":65,"column":2},"end":{"line":65,"column":6}},"loc":{"start":{"line":65,"column":11},"end":{"line":67,"column":3}}},"8":{"name":"(anonymous_8)","decl":{"start":{"line":72,"column":2},"end":{"line":72,"column":6}},"loc":{"start":{"line":72,"column":19},"end":{"line":74,"column":3}}},"9":{"name":"(anonymous_9)","decl":{"start":{"line":73,"column":30},"end":{"line":73,"column":34}},"loc":{"start":{"line":73,"column":38},"end":{"line":73,"column":51}}},"10":{"name":"(anonymous_10)","decl":{"start":{"line":79,"column":2},"end":{"line":79,"column":6}},"loc":{"start":{"line":79,"column":14},"end":{"line":81,"column":3}}},"11":{"name":"(anonymous_11)","decl":{"start":{"line":86,"column":2},"end":{"line":86,"column":6}},"loc":{"start":{"line":86,"column":29},"end":{"line":88,"column":3}}},"12":{"name":"(anonymous_12)","decl":{"start":{"line":93,"column":2},"end":{"line":93,"column":6}},"loc":{"start":{"line":93,"column":14},"end":{"line":95,"column":3}}},"13":{"name":"(anonymous_13)","decl":{"start":{"line":100,"column":2},"end":{"line":100,"column":6}},"loc":{"start":{"line":100,"column":29},"end":{"line":102,"column":3}}},"14":{"name":"(anonymous_14)","decl":{"start":{"line":107,"column":2},"end":{"line":107,"column":10}},"loc":{"start":{"line":107,"column":24},"end":{"line":110,"column":3}}},"15":{"name":"(anonymous_15)","decl":{"start":{"line":116,"column":2},"end":{"line":116,"column":11}},"loc":{"start":{"line":116,"column":25},"end":{"line":126,"column":3}}},"16":{"name":"(anonymous_16)","decl":{"start":{"line":118,"column":21},"end":{"line":118,"column":25}},"loc":{"start":{"line":118,"column":29},"end":{"line":118,"column":55}}},"17":{"name":"(anonymous_17)","decl":{"start":{"line":123,"column":37},"end":{"line":123,"column":41}},"loc":{"start":{"line":123,"column":45},"end":{"line":123,"column":66}}},"18":{"name":"(anonymous_18)","decl":{"start":{"line":131,"column":2},"end":{"line":131,"column":19}},"loc":{"start":{"line":131,"column":19},"end":{"line":137,"column":3}}},"19":{"name":"(anonymous_19)","decl":{"start":{"line":142,"column":2},"end":{"line":142,"column":16}},"loc":{"start":{"line":142,"column":16},"end":{"line":144,"column":3}}},"20":{"name":"(anonymous_20)","decl":{"start":{"line":143,"column":24},"end":{"line":143,"column":28}},"loc":{"start":{"line":143,"column":32},"end":{"line":143,"column":53}}},"21":{"name":"(anonymous_21)","decl":{"start":{"line":149,"column":2},"end":{"line":149,"column":11}},"loc":{"start":{"line":149,"column":11},"end":{"line":151,"column":3}}},"22":{"name":"(anonymous_22)","decl":{"start":{"line":150,"column":21},"end":{"line":150,"column":22}},"loc":{"start":{"line":150,"column":31},"end":{"line":150,"column":48}}},"23":{"name":"(anonymous_23)","decl":{"start":{"line":156,"column":2},"end":{"line":156,"column":7}},"loc":{"start":{"line":156,"column":7},"end":{"line":160,"column":3}}},"24":{"name":"(anonymous_24)","decl":{"start":{"line":165,"column":2},"end":{"line":165,"column":6}},"loc":{"start":{"line":165,"column":24},"end":{"line":167,"column":3}}}},"branchMap":{"0":{"loc":{"start":{"line":6,"column":12},"end":{"line":6,"column":null}},"type":"binary-expr","locations":[{"start":{"line":6,"column":12},"end":{"line":6,"column":22}},{"start":{"line":6,"column":12},"end":{"line":6,"column":null}}]},"1":{"loc":{"start":{"line":118,"column":4},"end":{"line":120,"column":5}},"type":"if","locations":[{"start":{"line":118,"column":4},"end":{"line":120,"column":5}}]},"2":{"loc":{"start":{"line":133,"column":4},"end":{"line":135,"column":5}},"type":"if","locations":[{"start":{"line":133,"column":4},"end":{"line":135,"column":5}}]}},"s":{"0":3,"1":3,"2":3,"3":61,"4":61,"5":61,"6":61,"7":61,"8":61,"9":60,"10":4,"11":1,"12":17,"13":28,"14":37,"15":0,"16":0,"17":38,"18":31,"19":2,"20":4,"21":56,"22":56,"23":4,"24":4,"25":1,"26":3,"27":43,"28":3,"29":0,"30":0,"31":0,"32":0,"33":6,"34":106,"35":56,"36":2434,"37":46,"38":46,"39":46,"40":31},"f":{"0":3,"1":61,"2":60,"3":4,"4":1,"5":17,"6":28,"7":37,"8":0,"9":0,"10":38,"11":31,"12":2,"13":4,"14":56,"15":4,"16":4,"17":43,"18":0,"19":6,"20":106,"21":56,"22":2434,"23":46,"24":31},"b":{"0":[3,3],"1":[1],"2":[0]}}
,"/Users/lime/Code/chinese-poker/src/store/GameStore.ts": {"path":"/Users/lime/Code/chinese-poker/src/store/GameStore.ts","statementMap":{"0":{"start":{"line":43,"column":28},"end":{"line":339,"column":2}},"1":{"start":{"line":45,"column":15},"end":{"line":45,"column":25}},"2":{"start":{"line":47,"column":2},"end":{"line":338,"column":4}},"3":{"start":{"line":68,"column":23},"end":{"line":68,"column":28}},"4":{"start":{"line":70,"column":6},"end":{"line":85,"column":7}},"5":{"start":{"line":71,"column":8},"end":{"line":71,"column":21}},"6":{"start":{"line":73,"column":8},"end":{"line":82,"column":11}},"7":{"start":{"line":84,"column":8},"end":{"line":84,"column":56}},"8":{"start":{"line":92,"column":23},"end":{"line":92,"column":28}},"9":{"start":{"line":94,"column":6},"end":{"line":110,"column":7}},"10":{"start":{"line":95,"column":8},"end":{"line":95,"column":23}},"11":{"start":{"line":97,"column":8},"end":{"line":107,"column":11}},"12":{"start":{"line":109,"column":8},"end":{"line":109,"column":56}},"13":{"start":{"line":117,"column":23},"end":{"line":117,"column":28}},"14":{"start":{"line":119,"column":22},"end":{"line":119,"column":45}},"15":{"start":{"line":120,"column":6},"end":{"line":144,"column":7}},"16":{"start":{"line":122,"column":26},"end":{"line":122,"column":36}},"17":{"start":{"line":124,"column":8},"end":{"line":130,"column":11}},"18":{"start":{"line":133,"column":8},"end":{"line":139,"column":9}},"19":{"start":{"line":135,"column":10},"end":{"line":135,"column":47}},"20":{"start":{"line":136,"column":10},"end":{"line":138,"column":19}},"21":{"start":{"line":137,"column":12},"end":{"line":137,"column":40}},"22":{"start":{"line":141,"column":8},"end":{"line":143,"column":11}},"23":{"start":{"line":151,"column":6},"end":{"line":151,"column":28}},"24":{"start":{"line":153,"column":26},"end":{"line":153,"column":31}},"25":{"start":{"line":154,"column":28},"end":{"line":156,"column":38}},"26":{"start":{"line":155,"column":27},"end":{"line":155,"column":39}},"27":{"start":{"line":156,"column":24},"end":{"line":156,"column":37}},"28":{"start":{"line":158,"column":6},"end":{"line":158,"column":29}},"29":{"start":{"line":165,"column":38},"end":{"line":165,"column":43}},"30":{"start":{"line":167,"column":21},"end":{"line":167,"column":55}},"31":{"start":{"line":168,"column":40},"end":{"line":168,"column":44}},"32":{"start":{"line":170,"column":6},"end":{"line":186,"column":7}},"33":{"start":{"line":173,"column":10},"end":{"line":173,"column":16}},"34":{"start":{"line":175,"column":10},"end":{"line":175,"column":35}},"35":{"start":{"line":176,"column":10},"end":{"line":176,"column":16}},"36":{"start":{"line":178,"column":10},"end":{"line":178,"column":36}},"37":{"start":{"line":179,"column":10},"end":{"line":179,"column":16}},"38":{"start":{"line":181,"column":10},"end":{"line":181,"column":35}},"39":{"start":{"line":182,"column":10},"end":{"line":182,"column":16}},"40":{"start":{"line":184,"column":10},"end":{"line":184,"column":34}},"41":{"start":{"line":185,"column":10},"end":{"line":185,"column":16}},"42":{"start":{"line":189,"column":6},"end":{"line":189,"column":62}},"43":{"start":{"line":189,"column":37},"end":{"line":189,"column":60}},"44":{"start":{"line":191,"column":6},"end":{"line":200,"column":9}},"45":{"start":{"line":207,"column":23},"end":{"line":207,"column":28}},"46":{"start":{"line":209,"column":21},"end":{"line":209,"column":40}},"47":{"start":{"line":210,"column":40},"end":{"line":210,"column":44}},"48":{"start":{"line":212,"column":6},"end":{"line":227,"column":7}},"49":{"start":{"line":215,"column":10},"end":{"line":215,"column":16}},"50":{"start":{"line":217,"column":10},"end":{"line":217,"column":34}},"51":{"start":{"line":218,"column":10},"end":{"line":218,"column":16}},"52":{"start":{"line":220,"column":10},"end":{"line":220,"column":35}},"53":{"start":{"line":221,"column":10},"end":{"line":221,"column":16}},"54":{"start":{"line":223,"column":10},"end":{"line":223,"column":34}},"55":{"start":{"line":224,"column":10},"end":{"line":224,"column":16}},"56":{"start":{"line":226,"column":10},"end":{"line":226,"column":32}},"57":{"start":{"line":230,"column":6},"end":{"line":230,"column":62}},"58":{"start":{"line":230,"column":37},"end":{"line":230,"column":60}},"59":{"start":{"line":232,"column":6},"end":{"line":241,"column":9}},"60":{"start":{"line":248,"column":52},"end":{"line":248,"column":57}},"61":{"start":{"line":250,"column":6},"end":{"line":252,"column":7}},"62":{"start":{"line":251,"column":8},"end":{"line":251,"column":18}},"63":{"start":{"line":254,"column":24},"end":{"line":254,"column":76}},"64":{"start":{"line":254,"column":52},"end":{"line":254,"column":64}},"65":{"start":{"line":255,"column":6},"end":{"line":255,"column":49}},"66":{"start":{"line":262,"column":6},"end":{"line":262,"column":63}},"67":{"start":{"line":269,"column":6},"end":{"line":269,"column":47}},"68":{"start":{"line":269,"column":37},"end":{"line":269,"column":47}},"69":{"start":{"line":271,"column":6},"end":{"line":302,"column":7}},"70":{"start":{"line":273,"column":10},"end":{"line":273,"column":22}},"71":{"start":{"line":275,"column":10},"end":{"line":275,"column":22}},"72":{"start":{"line":277,"column":10},"end":{"line":277,"column":22}},"73":{"start":{"line":279,"column":10},"end":{"line":279,"column":23}},"74":{"start":{"line":281,"column":10},"end":{"line":281,"column":23}},"75":{"start":{"line":283,"column":10},"end":{"line":283,"column":22}},"76":{"start":{"line":285,"column":10},"end":{"line":285,"column":22}},"77":{"start":{"line":287,"column":10},"end":{"line":287,"column":22}},"78":{"start":{"line":289,"column":10},"end":{"line":289,"column":25}},"79":{"start":{"line":291,"column":10},"end":{"line":291,"column":25}},"80":{"start":{"line":293,"column":10},"end":{"line":293,"column":23}},"81":{"start":{"line":295,"column":10},"end":{"line":295,"column":24}},"82":{"start":{"line":297,"column":10},"end":{"line":297,"column":22}},"83":{"start":{"line":299,"column":10},"end":{"line":299,"column":22}},"84":{"start":{"line":301,"column":10},"end":{"line":301,"column":20}},"85":{"start":{"line":309,"column":6},"end":{"line":309,"column":54}},"86":{"start":{"line":309,"column":37},"end":{"line":309,"column":54}},"87":{"start":{"line":311,"column":6},"end":{"line":336,"column":7}},"88":{"start":{"line":313,"column":10},"end":{"line":313,"column":24}},"89":{"start":{"line":315,"column":10},"end":{"line":315,"column":24}},"90":{"start":{"line":319,"column":10},"end":{"line":319,"column":28}},"91":{"start":{"line":322,"column":10},"end":{"line":322,"column":26}},"92":{"start":{"line":326,"column":10},"end":{"line":326,"column":27}},"93":{"start":{"line":329,"column":10},"end":{"line":329,"column":26}},"94":{"start":{"line":331,"column":10},"end":{"line":331,"column":27}},"95":{"start":{"line":333,"column":10},"end":{"line":333,"column":23}},"96":{"start":{"line":335,"column":10},"end":{"line":335,"column":27}}},"fnMap":{"0":{"name":"(anonymous_0)","decl":{"start":{"line":43,"column":46},"end":{"line":43,"column":47}},"loc":{"start":{"line":43,"column":59},"end":{"line":339,"column":1}}},"1":{"name":"(anonymous_1)","decl":{"start":{"line":67,"column":15},"end":{"line":67,"column":18}},"loc":{"start":{"line":67,"column":20},"end":{"line":86,"column":5}}},"2":{"name":"(anonymous_2)","decl":{"start":{"line":91,"column":17},"end":{"line":91,"column":20}},"loc":{"start":{"line":91,"column":22},"end":{"line":111,"column":5}}},"3":{"name":"(anonymous_3)","decl":{"start":{"line":116,"column":17},"end":{"line":116,"column":18}},"loc":{"start":{"line":116,"column":52},"end":{"line":145,"column":5}}},"4":{"name":"(anonymous_4)","decl":{"start":{"line":136,"column":21},"end":{"line":136,"column":24}},"loc":{"start":{"line":136,"column":26},"end":{"line":138,"column":11}}},"5":{"name":"(anonymous_5)","decl":{"start":{"line":150,"column":16},"end":{"line":150,"column":17}},"loc":{"start":{"line":150,"column":31},"end":{"line":159,"column":5}}},"6":{"name":"(anonymous_6)","decl":{"start":{"line":155,"column":17},"end":{"line":155,"column":23}},"loc":{"start":{"line":155,"column":27},"end":{"line":155,"column":39}}},"7":{"name":"(anonymous_7)","decl":{"start":{"line":156,"column":16},"end":{"line":156,"column":20}},"loc":{"start":{"line":156,"column":24},"end":{"line":156,"column":37}}},"8":{"name":"(anonymous_8)","decl":{"start":{"line":164,"column":23},"end":{"line":164,"column":24}},"loc":{"start":{"line":164,"column":44},"end":{"line":201,"column":5}}},"9":{"name":"(anonymous_9)","decl":{"start":{"line":189,"column":27},"end":{"line":189,"column":33}},"loc":{"start":{"line":189,"column":37},"end":{"line":189,"column":60}}},"10":{"name":"(anonymous_10)","decl":{"start":{"line":206,"column":10},"end":{"line":206,"column":11}},"loc":{"start":{"line":206,"column":31},"end":{"line":242,"column":5}}},"11":{"name":"(anonymous_11)","decl":{"start":{"line":230,"column":27},"end":{"line":230,"column":33}},"loc":{"start":{"line":230,"column":37},"end":{"line":230,"column":60}}},"12":{"name":"(anonymous_12)","decl":{"start":{"line":247,"column":31},"end":{"line":247,"column":34}},"loc":{"start":{"line":247,"column":36},"end":{"line":256,"column":5}}},"13":{"name":"(anonymous_13)","decl":{"start":{"line":254,"column":44},"end":{"line":254,"column":48}},"loc":{"start":{"line":254,"column":52},"end":{"line":254,"column":64}}},"14":{"name":"(anonymous_14)","decl":{"start":{"line":261,"column":26},"end":{"line":261,"column":27}},"loc":{"start":{"line":261,"column":45},"end":{"line":263,"column":5}}},"15":{"name":"(anonymous_15)","decl":{"start":{"line":268,"column":25},"end":{"line":268,"column":26}},"loc":{"start":{"line":268,"column":46},"end":{"line":303,"column":5}}},"16":{"name":"(anonymous_16)","decl":{"start":{"line":308,"column":23},"end":{"line":308,"column":24}},"loc":{"start":{"line":308,"column":44},"end":{"line":337,"column":5}}}},"branchMap":{"0":{"loc":{"start":{"line":54,"column":19},"end":{"line":54,"column":79}},"type":"cond-expr","locations":[{"start":{"line":54,"column":54},"end":{"line":54,"column":72}},{"start":{"line":54,"column":75},"end":{"line":54,"column":79}}]},"1":{"loc":{"start":{"line":58,"column":22},"end":{"line":58,"column":53}},"type":"binary-expr","locations":[{"start":{"line":58,"column":22},"end":{"line":58,"column":45}},{"start":{"line":58,"column":49},"end":{"line":58,"column":53}}]},"2":{"loc":{"start":{"line":120,"column":6},"end":{"line":144,"column":7}},"type":"if","locations":[{"start":{"line":120,"column":6},"end":{"line":144,"column":7}},{"start":{"line":140,"column":13},"end":{"line":144,"column":7}}]},"3":{"loc":{"start":{"line":133,"column":8},"end":{"line":139,"column":9}},"type":"if","locations":[{"start":{"line":133,"column":8},"end":{"line":139,"column":9}}]},"4":{"loc":{"start":{"line":133,"column":12},"end":{"line":133,"column":87}},"type":"binary-expr","locations":[{"start":{"line":133,"column":12},"end":{"line":133,"column":16}},{"start":{"line":133,"column":20},"end":{"line":133,"column":51}},{"start":{"line":133,"column":55},"end":{"line":133,"column":87}}]},"5":{"loc":{"start":{"line":142,"column":24},"end":{"line":142,"column":49}},"type":"cond-expr","locations":[{"start":{"line":142,"column":30},"end":{"line":142,"column":37}},{"start":{"line":142,"column":40},"end":{"line":142,"column":49}}]},"6":{"loc":{"start":{"line":170,"column":6},"end":{"line":186,"column":7}},"type":"switch","locations":[{"start":{"line":171,"column":8},"end":{"line":173,"column":16}},{"start":{"line":174,"column":8},"end":{"line":176,"column":16}},{"start":{"line":177,"column":8},"end":{"line":179,"column":16}},{"start":{"line":180,"column":8},"end":{"line":182,"column":16}},{"start":{"line":183,"column":8},"end":{"line":185,"column":16}}]},"7":{"loc":{"start":{"line":194,"column":23},"end":{"line":194,"column":85}},"type":"cond-expr","locations":[{"start":{"line":194,"column":60},"end":{"line":194,"column":78}},{"start":{"line":194,"column":81},"end":{"line":194,"column":85}}]},"8":{"loc":{"start":{"line":196,"column":26},"end":{"line":196,"column":57}},"type":"binary-expr","locations":[{"start":{"line":196,"column":26},"end":{"line":196,"column":49}},{"start":{"line":196,"column":53},"end":{"line":196,"column":57}}]},"9":{"loc":{"start":{"line":212,"column":6},"end":{"line":227,"column":7}},"type":"switch","locations":[{"start":{"line":213,"column":8},"end":{"line":215,"column":16}},{"start":{"line":216,"column":8},"end":{"line":218,"column":16}},{"start":{"line":219,"column":8},"end":{"line":221,"column":16}},{"start":{"line":222,"column":8},"end":{"line":224,"column":16}},{"start":{"line":225,"column":8},"end":{"line":226,"column":32}}]},"10":{"loc":{"start":{"line":235,"column":23},"end":{"line":235,"column":85}},"type":"cond-expr","locations":[{"start":{"line":235,"column":60},"end":{"line":235,"column":78}},{"start":{"line":235,"column":81},"end":{"line":235,"column":85}}]},"11":{"loc":{"start":{"line":237,"column":26},"end":{"line":237,"column":57}},"type":"binary-expr","locations":[{"start":{"line":237,"column":26},"end":{"line":237,"column":49}},{"start":{"line":237,"column":53},"end":{"line":237,"column":57}}]},"12":{"loc":{"start":{"line":250,"column":6},"end":{"line":252,"column":7}},"type":"if","locations":[{"start":{"line":250,"column":6},"end":{"line":252,"column":7}}]},"13":{"loc":{"start":{"line":250,"column":10},"end":{"line":250,"column":54}},"type":"binary-expr","locations":[{"start":{"line":250,"column":10},"end":{"line":250,"column":33}},{"start":{"line":250,"column":37},"end":{"line":250,"column":54}}]},"14":{"loc":{"start":{"line":262,"column":13},"end":{"line":262,"column":62}},"type":"cond-expr","locations":[{"start":{"line":262,"column":51},"end":{"line":262,"column":55}},{"start":{"line":262,"column":58},"end":{"line":262,"column":62}}]},"15":{"loc":{"start":{"line":269,"column":6},"end":{"line":269,"column":47}},"type":"if","locations":[{"start":{"line":269,"column":6},"end":{"line":269,"column":47}}]},"16":{"loc":{"start":{"line":269,"column":10},"end":{"line":269,"column":35}},"type":"binary-expr","locations":[{"start":{"line":269,"column":10},"end":{"line":269,"column":16}},{"start":{"line":269,"column":20},"end":{"line":269,"column":35}}]},"17":{"loc":{"start":{"line":271,"column":6},"end":{"line":302,"column":7}},"type":"switch","locations":[{"start":{"line":272,"column":8},"end":{"line":273,"column":22}},{"start":{"line":274,"column":8},"end":{"line":275,"column":22}},{"start":{"line":276,"column":8},"end":{"line":277,"column":22}},{"start":{"line":278,"column":8},"end":{"line":279,"column":23}},{"start":{"line":280,"column":8},"end":{"line":281,"column":23}},{"start":{"line":282,"column":8},"end":{"line":283,"column":22}},{"start":{"line":284,"column":8},"end":{"line":285,"column":22}},{"start":{"line":286,"column":8},"end":{"line":287,"column":22}},{"start":{"line":288,"column":8},"end":{"line":289,"column":25}},{"start":{"line":290,"column":8},"end":{"line":291,"column":25}},{"start":{"line":292,"column":8},"end":{"line":293,"column":23}},{"start":{"line":294,"column":8},"end":{"line":295,"column":24}},{"start":{"line":296,"column":8},"end":{"line":297,"column":22}},{"start":{"line":298,"column":8},"end":{"line":299,"column":22}},{"start":{"line":300,"column":8},"end":{"line":301,"column":20}}]},"18":{"loc":{"start":{"line":309,"column":6},"end":{"line":309,"column":54}},"type":"if","locations":[{"start":{"line":309,"column":6},"end":{"line":309,"column":54}}]},"19":{"loc":{"start":{"line":309,"column":10},"end":{"line":309,"column":35}},"type":"binary-expr","locations":[{"start":{"line":309,"column":10},"end":{"line":309,"column":16}},{"start":{"line":309,"column":20},"end":{"line":309,"column":35}}]},"20":{"loc":{"start":{"line":311,"column":6},"end":{"line":336,"column":7}},"type":"switch","locations":[{"start":{"line":312,"column":8},"end":{"line":313,"column":24}},{"start":{"line":314,"column":8},"end":{"line":315,"column":24}},{"start":{"line":316,"column":8},"end":{"line":316,"column":28}},{"start":{"line":317,"column":8},"end":{"line":317,"column":40}},{"start":{"line":318,"column":8},"end":{"line":319,"column":28}},{"start":{"line":320,"column":8},"end":{"line":320,"column":32}},{"start":{"line":321,"column":8},"end":{"line":322,"column":26}},{"start":{"line":323,"column":8},"end":{"line":323,"column":32}},{"start":{"line":324,"column":8},"end":{"line":324,"column":44}},{"start":{"line":325,"column":8},"end":{"line":326,"column":27}},{"start":{"line":327,"column":8},"end":{"line":327,"column":44}},{"start":{"line":328,"column":8},"end":{"line":329,"column":26}},{"start":{"line":330,"column":8},"end":{"line":331,"column":27}},{"start":{"line":332,"column":8},"end":{"line":333,"column":23}},{"start":{"line":334,"column":8},"end":{"line":335,"column":27}}]}},"s":{"0":1,"1":1,"2":1,"3":6,"4":6,"5":6,"6":1,"7":5,"8":1,"9":1,"10":1,"11":1,"12":0,"13":3,"14":3,"15":3,"16":1,"17":1,"18":1,"19":0,"20":0,"21":0,"22":2,"23":3,"24":3,"25":3,"26":9,"27":162,"28":3,"29":1,"30":1,"31":1,"32":1,"33":1,"34":0,"35":0,"36":0,"37":0,"38":0,"39":0,"40":0,"41":0,"42":1,"43":3,"44":1,"45":1,"46":1,"47":1,"48":1,"49":1,"50":0,"51":0,"52":0,"53":0,"54":0,"55":0,"56":0,"57":1,"58":3,"59":1,"60":0,"61":0,"62":0,"63":0,"64":0,"65":0,"66":2,"67":0,"68":0,"69":0,"70":0,"71":0,"72":0,"73":0,"74":0,"75":0,"76":0,"77":0,"78":0,"79":0,"80":0,"81":0,"82":0,"83":0,"84":0,"85":0,"86":0,"87":0,"88":0,"89":0,"90":0,"91":0,"92":0,"93":0,"94":0,"95":0,"96":0},"f":{"0":1,"1":6,"2":1,"3":3,"4":0,"5":3,"6":9,"7":162,"8":1,"9":3,"10":1,"11":3,"12":0,"13":0,"14":2,"15":0,"16":0},"b":{"0":[0,1],"1":[1,1],"2":[1,2],"3":[0],"4":[1,0,0],"5":[2,0],"6":[1,0,0,0,0],"7":[1,0],"8":[1,0],"9":[1,0,0,0,0],"10":[1,0],"11":[1,0],"12":[0],"13":[0,0],"14":[1,1],"15":[0],"16":[0,0],"17":[0,0,0,0,0,0,0,0,0,0,0,0,0,0,0],"18":[0],"19":[0,0],"20":[0,0,0,0,0,0,0,0,0,0,0,0,0,0,0]}}
}
