TN:
SF:src/sdk/Card.ts
FN:4,(anonymous_0)
FN:14,(anonymous_1)
FN:52,(anonymous_2)
FN:74,(anonymous_3)
FN:86,(anonymous_4)
FN:96,(anonymous_5)
FN:103,(anonymous_6)
FN:110,(anonymous_7)
FN:117,(anonymous_8)
FN:124,(anonymous_9)
FN:134,(anonymous_10)
FN:141,(anonymous_11)
FN:148,(anonymous_12)
FNF:13
FNH:13
FNDA:6,(anonymous_0)
FNDA:6,(anonymous_1)
FNDA:6,(anonymous_2)
FNDA:2192,(anonymous_3)
FNDA:5133,(anonymous_4)
FNDA:5183,(anonymous_5)
FNDA:67,(anonymous_6)
FNDA:28,(anonymous_7)
FNDA:110,(anonymous_8)
FNDA:3,(anonymous_9)
FNDA:107,(anonymous_10)
FNDA:169,(anonymous_11)
FNDA:5,(anonymous_12)
DA:4,6
DA:5,6
DA:6,6
DA:7,6
DA:8,6
DA:14,6
DA:15,6
DA:16,6
DA:17,6
DA:18,6
DA:19,6
DA:20,6
DA:21,6
DA:22,6
DA:23,6
DA:24,6
DA:25,6
DA:26,6
DA:27,6
DA:33,6
DA:52,6
DA:53,6
DA:54,6
DA:64,2192
DA:75,2192
DA:76,2104
DA:77,2104
DA:79,88
DA:87,5133
DA:88,137
DA:90,4996
DA:97,5183
DA:104,67
DA:111,28
DA:118,110
DA:125,3
DA:126,2
DA:128,1
DA:135,107
DA:142,169
DA:149,5
LF:41
LH:41
BRDA:4,0,0,6
BRDA:4,0,1,6
BRDA:14,1,0,6
BRDA:14,1,1,6
BRDA:52,2,0,6
BRDA:52,2,1,6
BRDA:75,3,0,2104
BRDA:75,3,1,88
BRDA:87,4,0,137
BRDA:88,5,0,73
BRDA:88,5,1,64
BRDA:125,6,0,2
BRDA:126,7,0,1
BRDA:126,7,1,1
BRF:14
BRH:14
end_of_record
TN:
SF:src/sdk/CardCombo.ts
FN:6,(anonymous_0)
FN:33,(anonymous_1)
FN:41,(anonymous_2)
FN:48,(anonymous_3)
FN:55,(anonymous_4)
FN:62,(anonymous_5)
FN:69,(anonymous_6)
FN:76,(anonymous_7)
FN:110,(anonymous_8)
FN:113,(anonymous_9)
FN:118,(anonymous_10)
FN:122,(anonymous_11)
FN:126,(anonymous_12)
FN:142,(anonymous_13)
FN:159,(anonymous_14)
FN:161,(anonymous_15)
FN:168,(anonymous_16)
FN:175,(anonymous_17)
FN:182,(anonymous_18)
FN:189,(anonymous_19)
FN:196,(anonymous_20)
FN:205,(anonymous_21)
FN:215,(anonymous_22)
FN:219,(anonymous_23)
FN:224,(anonymous_24)
FN:239,(anonymous_25)
FN:246,(anonymous_26)
FN:251,(anonymous_27)
FN:256,(anonymous_28)
FN:269,(anonymous_29)
FN:277,(anonymous_30)
FN:278,(anonymous_31)
FN:279,(anonymous_32)
FN:287,(anonymous_33)
FN:305,(anonymous_34)
FN:308,(anonymous_35)
FN:317,(anonymous_36)
FN:317,(anonymous_37)
FN:320,(anonymous_38)
FN:331,(anonymous_39)
FN:332,(anonymous_40)
FN:342,(anonymous_41)
FN:345,(anonymous_42)
FN:354,(anonymous_43)
FN:354,(anonymous_44)
FN:357,(anonymous_45)
FN:368,(anonymous_46)
FN:374,(anonymous_47)
FN:383,(anonymous_48)
FN:389,(anonymous_49)
FN:396,(anonymous_50)
FN:397,(anonymous_51)
FN:403,(anonymous_52)
FN:415,(anonymous_53)
FN:428,(anonymous_54)
FNF:55
FNH:49
FNDA:3,(anonymous_0)
FNDA:55,(anonymous_1)
FNDA:6,(anonymous_2)
FNDA:38,(anonymous_3)
FNDA:13,(anonymous_4)
FNDA:3,(anonymous_5)
FNDA:4,(anonymous_6)
FNDA:55,(anonymous_7)
FNDA:10,(anonymous_8)
FNDA:6,(anonymous_9)
FNDA:6,(anonymous_10)
FNDA:6,(anonymous_11)
FNDA:0,(anonymous_12)
FNDA:21,(anonymous_13)
FNDA:21,(anonymous_14)
FNDA:8,(anonymous_15)
FNDA:19,(anonymous_16)
FNDA:16,(anonymous_17)
FNDA:10,(anonymous_18)
FNDA:8,(anonymous_19)
FNDA:7,(anonymous_20)
FNDA:6,(anonymous_21)
FNDA:6,(anonymous_22)
FNDA:30,(anonymous_23)
FNDA:30,(anonymous_24)
FNDA:4,(anonymous_25)
FNDA:4,(anonymous_26)
FNDA:6,(anonymous_27)
FNDA:2,(anonymous_28)
FNDA:3,(anonymous_29)
FNDA:2,(anonymous_30)
FNDA:2,(anonymous_31)
FNDA:1,(anonymous_32)
FNDA:2,(anonymous_33)
FNDA:2,(anonymous_34)
FNDA:6,(anonymous_35)
FNDA:2,(anonymous_36)
FNDA:1,(anonymous_37)
FNDA:2,(anonymous_38)
FNDA:4,(anonymous_39)
FNDA:4,(anonymous_40)
FNDA:1,(anonymous_41)
FNDA:2,(anonymous_42)
FNDA:0,(anonymous_43)
FNDA:0,(anonymous_44)
FNDA:0,(anonymous_45)
FNDA:0,(anonymous_46)
FNDA:1,(anonymous_47)
FNDA:1,(anonymous_48)
FNDA:0,(anonymous_49)
FNDA:1,(anonymous_50)
FNDA:1,(anonymous_51)
FNDA:2,(anonymous_52)
FNDA:2,(anonymous_53)
FNDA:6,(anonymous_54)
DA:6,3
DA:7,3
DA:8,3
DA:9,3
DA:10,3
DA:11,3
DA:12,3
DA:13,3
DA:14,3
DA:15,3
DA:16,3
DA:17,3
DA:18,3
DA:19,3
DA:20,3
DA:21,3
DA:22,3
DA:29,55
DA:30,55
DA:31,55
DA:34,55
DA:35,55
DA:42,6
DA:49,38
DA:56,13
DA:63,3
DA:70,4
DA:77,55
DA:78,34
DA:79,34
DA:80,34
DA:84,21
DA:87,21
DA:88,2
DA:89,2
DA:90,19
DA:91,3
DA:92,3
DA:93,16
DA:94,6
DA:95,6
DA:96,10
DA:97,2
DA:98,2
DA:99,8
DA:100,1
DA:101,1
DA:102,7
DA:103,1
DA:104,1
DA:105,6
DA:106,0
DA:107,0
DA:108,6
DA:109,2
DA:110,10
DA:111,4
DA:112,1
DA:113,6
DA:114,3
DA:115,1
DA:117,1
DA:118,6
DA:119,2
DA:120,1
DA:121,1
DA:122,6
DA:123,1
DA:124,0
DA:125,0
DA:126,0
DA:127,1
DA:128,0
DA:129,0
DA:130,1
DA:131,0
DA:132,0
DA:134,1
DA:135,1
DA:143,21
DA:145,21
DA:146,65
DA:147,65
DA:148,39
DA:150,65
DA:153,21
DA:160,21
DA:161,8
DA:169,19
DA:176,16
DA:183,10
DA:190,8
DA:197,7
DA:206,6
DA:216,6
DA:219,30
DA:220,0
DA:224,30
DA:227,5
DA:228,12
DA:229,3
DA:233,2
DA:241,4
DA:242,2
DA:246,4
DA:247,1
DA:251,6
DA:252,0
DA:256,2
DA:257,1
DA:258,2
DA:259,0
DA:263,1
DA:271,3
DA:272,2
DA:276,1
DA:277,2
DA:278,2
DA:279,1
DA:282,1
DA:283,0
DA:287,2
DA:288,0
DA:292,1
DA:293,1
DA:294,0
DA:299,1
DA:307,2
DA:308,6
DA:309,2
DA:312,2
DA:313,1
DA:317,2
DA:320,2
DA:321,0
DA:324,1
DA:325,1
DA:326,0
DA:331,4
DA:332,4
DA:335,1
DA:336,1
DA:344,1
DA:345,2
DA:346,1
DA:349,1
DA:350,1
DA:354,0
DA:357,0
DA:358,0
DA:361,0
DA:362,0
DA:363,0
DA:368,0
DA:375,1
DA:384,1
DA:385,1
DA:389,0
DA:390,0
DA:397,1
DA:404,2
DA:405,2
DA:406,2
DA:409,0
DA:416,2
DA:417,2
DA:418,6
DA:419,4
DA:422,2
DA:430,6
DA:431,0
DA:435,6
DA:436,1
DA:440,5
DA:441,1
DA:442,0
DA:444,1
DA:445,0
DA:447,1
DA:451,4
LF:180
LH:150
BRDA:6,0,0,3
BRDA:6,0,1,3
BRDA:33,1,0,33
BRDA:77,2,0,34
BRDA:87,3,0,2
BRDA:87,3,1,19
BRDA:90,4,0,3
BRDA:90,4,1,16
BRDA:93,5,0,6
BRDA:93,5,1,10
BRDA:96,6,0,2
BRDA:96,6,1,8
BRDA:99,7,0,1
BRDA:99,7,1,7
BRDA:102,8,0,1
BRDA:102,8,1,6
BRDA:105,9,0,0
BRDA:105,9,1,6
BRDA:108,10,0,2
BRDA:108,10,1,4
BRDA:111,11,0,1
BRDA:111,11,1,3
BRDA:114,12,0,1
BRDA:114,12,1,2
BRDA:119,13,0,1
BRDA:119,13,1,1
BRDA:123,14,0,0
BRDA:123,14,1,1
BRDA:127,15,0,0
BRDA:127,15,1,1
BRDA:130,16,0,0
BRDA:130,16,1,1
BRDA:147,17,0,39
BRDA:160,18,0,21
BRDA:160,18,1,5
BRDA:160,18,2,2
BRDA:169,19,0,19
BRDA:169,19,1,12
BRDA:183,20,0,10
BRDA:183,20,1,3
BRDA:190,21,0,8
BRDA:190,21,1,1
BRDA:197,22,0,7
BRDA:197,22,1,1
BRDA:197,22,2,1
BRDA:206,23,0,6
BRDA:206,23,1,2
BRDA:206,23,2,0
BRDA:206,23,3,0
BRDA:216,24,0,1
BRDA:219,25,0,0
BRDA:219,26,0,30
BRDA:219,26,1,30
BRDA:228,27,0,3
BRDA:241,28,0,2
BRDA:241,29,0,4
BRDA:241,29,1,3
BRDA:241,29,2,3
BRDA:246,30,0,1
BRDA:251,31,0,0
BRDA:251,32,0,6
BRDA:251,32,1,6
BRDA:258,33,0,0
BRDA:271,34,0,2
BRDA:271,35,0,3
BRDA:271,35,1,2
BRDA:282,36,0,0
BRDA:287,37,0,0
BRDA:293,38,0,0
BRDA:312,39,0,1
BRDA:312,40,0,2
BRDA:312,40,1,1
BRDA:320,41,0,0
BRDA:325,42,0,0
BRDA:349,43,0,1
BRDA:349,44,0,1
BRDA:349,44,1,0
BRDA:357,45,0,0
BRDA:362,46,0,0
BRDA:375,47,0,1
BRDA:375,47,1,0
BRDA:375,47,2,0
BRDA:384,48,0,1
BRDA:384,49,0,1
BRDA:384,49,1,0
BRDA:405,50,0,2
BRDA:418,51,0,4
BRDA:430,52,0,0
BRDA:435,53,0,1
BRDA:440,54,0,1
BRDA:441,55,0,0
BRDA:444,56,0,0
BRDA:451,57,0,4
BRDA:451,57,1,2
BRDA:451,57,2,2
BRF:95
BRH:72
end_of_record
TN:
SF:src/sdk/Deck.ts
FN:12,(anonymous_0)
FN:19,(anonymous_1)
FN:31,(anonymous_2)
FN:32,(anonymous_3)
FN:45,(anonymous_4)
FN:57,(anonymous_5)
FN:68,(anonymous_6)
FN:75,(anonymous_7)
FN:82,(anonymous_8)
FNF:9
FNH:8
FNDA:23,(anonymous_0)
FNDA:39,(anonymous_1)
FNDA:156,(anonymous_2)
FNDA:2028,(anonymous_3)
FNDA:32,(anonymous_4)
FNDA:66,(anonymous_5)
FNDA:5,(anonymous_6)
FNDA:0,(anonymous_7)
FNDA:16,(anonymous_8)
DA:7,23
DA:13,23
DA:21,39
DA:24,39
DA:25,39
DA:31,39
DA:32,156
DA:33,2028
DA:38,39
DA:39,39
DA:46,32
DA:47,1696
DA:48,1696
DA:58,66
DA:60,2
DA:62,64
DA:69,5
DA:76,0
DA:83,16
DA:84,16
LF:20
LH:19
BRDA:58,0,0,2
BRF:1
BRH:1
end_of_record
TN:
SF:src/sdk/Game.ts
FN:9,(anonymous_0)
FN:20,(anonymous_1)
FN:45,(anonymous_2)
FN:57,(anonymous_3)
FN:64,(anonymous_4)
FN:71,(anonymous_5)
FN:78,(anonymous_6)
FN:85,(anonymous_7)
FN:92,(anonymous_8)
FN:99,(anonymous_9)
FN:105,(anonymous_10)
FN:121,(anonymous_11)
FN:141,(anonymous_12)
FN:160,(anonymous_13)
FN:175,(anonymous_14)
FN:191,(anonymous_15)
FN:245,(anonymous_16)
FN:266,(anonymous_17)
FN:268,(anonymous_18)
FN:287,(anonymous_19)
FN:296,(anonymous_20)
FN:303,(anonymous_21)
FN:315,(anonymous_22)
FNF:23
FNH:21
FNDA:2,(anonymous_0)
FNDA:2,(anonymous_1)
FNDA:16,(anonymous_2)
FNDA:15,(anonymous_3)
FNDA:26,(anonymous_4)
FNDA:33,(anonymous_5)
FNDA:5,(anonymous_6)
FNDA:7,(anonymous_7)
FNDA:3,(anonymous_8)
FNDA:20,(anonymous_9)
FNDA:45,(anonymous_10)
FNDA:45,(anonymous_11)
FNDA:13,(anonymous_12)
FNDA:21,(anonymous_13)
FNDA:3,(anonymous_14)
FNDA:4,(anonymous_15)
FNDA:1,(anonymous_16)
FNDA:0,(anonymous_17)
FNDA:0,(anonymous_18)
FNDA:6,(anonymous_19)
FNDA:1,(anonymous_20)
FNDA:3,(anonymous_21)
FNDA:2,(anonymous_22)
DA:9,2
DA:10,2
DA:11,2
DA:12,2
DA:13,2
DA:14,2
DA:20,2
DA:21,2
DA:22,2
DA:23,2
DA:24,2
DA:25,2
DA:32,16
DA:33,16
DA:34,16
DA:35,16
DA:36,16
DA:37,16
DA:38,16
DA:39,16
DA:40,16
DA:47,16
DA:58,15
DA:65,26
DA:72,33
DA:79,5
DA:86,7
DA:93,3
DA:100,20
DA:101,5
DA:105,45
DA:108,15
DA:109,15
DA:110,15
DA:111,15
DA:114,15
DA:115,15
DA:118,15
DA:121,15
DA:122,45
DA:126,15
DA:129,15
DA:132,15
DA:133,15
DA:142,13
DA:143,2
DA:146,11
DA:147,11
DA:148,0
DA:152,11
DA:154,11
DA:156,7
DA:157,7
DA:160,7
DA:161,21
DA:162,14
DA:167,7
DA:168,7
DA:171,4
DA:174,4
DA:175,3
DA:176,1
DA:177,1
DA:181,3
DA:182,3
DA:192,4
DA:193,0
DA:196,4
DA:197,4
DA:198,1
DA:202,3
DA:203,0
DA:207,3
DA:208,3
DA:209,1
DA:213,2
DA:214,0
DA:217,2
DA:219,2
DA:222,2
DA:223,2
DA:224,2
DA:227,2
DA:228,0
DA:229,0
DA:233,2
DA:235,2
DA:237,0
DA:246,1
DA:247,0
DA:250,1
DA:251,1
DA:252,0
DA:256,1
DA:257,0
DA:261,1
DA:264,1
DA:266,0
DA:267,0
DA:268,0
DA:269,0
DA:273,0
DA:274,0
DA:275,0
DA:278,1
DA:281,1
DA:288,6
DA:289,6
DA:290,6
DA:297,1
DA:300,1
DA:303,1
DA:304,3
DA:307,3
DA:316,2
DA:317,2
LF:116
LH:99
BRDA:9,0,0,2
BRDA:9,0,1,2
BRDA:20,1,0,2
BRDA:20,1,1,2
BRDA:100,2,0,5
BRDA:142,3,0,2
BRDA:147,4,0,0
BRDA:154,5,0,7
BRDA:154,5,1,4
BRDA:161,6,0,14
BRDA:174,7,0,1
BRDA:174,8,0,4
BRDA:174,8,1,1
BRDA:192,9,0,0
BRDA:197,10,0,1
BRDA:202,11,0,0
BRDA:208,12,0,1
BRDA:213,13,0,0
BRDA:213,14,0,2
BRDA:213,14,1,0
BRDA:213,14,2,0
BRDA:227,15,0,0
BRDA:246,16,0,0
BRDA:251,17,0,0
BRDA:256,18,0,0
BRDA:256,19,0,1
BRDA:256,19,1,1
BRDA:264,20,0,0
BRDA:264,20,1,1
BRDA:267,21,0,0
BRDA:307,22,0,3
BRDA:307,22,1,3
BRDA:307,22,2,2
BRDA:307,22,3,0
BRF:34
BRH:21
end_of_record
TN:
SF:src/sdk/Player.ts
FN:6,(anonymous_0)
FN:22,(anonymous_1)
FN:30,(anonymous_2)
FN:37,(anonymous_3)
FN:44,(anonymous_4)
FN:51,(anonymous_5)
FN:58,(anonymous_6)
FN:65,(anonymous_7)
FN:72,(anonymous_8)
FN:73,(anonymous_9)
FN:79,(anonymous_10)
FN:86,(anonymous_11)
FN:93,(anonymous_12)
FN:100,(anonymous_13)
FN:107,(anonymous_14)
FN:116,(anonymous_15)
FN:118,(anonymous_16)
FN:123,(anonymous_17)
FN:131,(anonymous_18)
FN:142,(anonymous_19)
FN:143,(anonymous_20)
FN:149,(anonymous_21)
FN:150,(anonymous_22)
FN:156,(anonymous_23)
FN:165,(anonymous_24)
FNF:25
FNH:22
FNDA:3,(anonymous_0)
FNDA:61,(anonymous_1)
FNDA:60,(anonymous_2)
FNDA:4,(anonymous_3)
FNDA:1,(anonymous_4)
FNDA:17,(anonymous_5)
FNDA:28,(anonymous_6)
FNDA:37,(anonymous_7)
FNDA:0,(anonymous_8)
FNDA:0,(anonymous_9)
FNDA:37,(anonymous_10)
FNDA:31,(anonymous_11)
FNDA:2,(anonymous_12)
FNDA:4,(anonymous_13)
FNDA:56,(anonymous_14)
FNDA:4,(anonymous_15)
FNDA:4,(anonymous_16)
FNDA:43,(anonymous_17)
FNDA:0,(anonymous_18)
FNDA:6,(anonymous_19)
FNDA:106,(anonymous_20)
FNDA:56,(anonymous_21)
FNDA:2450,(anonymous_22)
FNDA:46,(anonymous_23)
FNDA:31,(anonymous_24)
DA:6,3
DA:7,3
DA:8,3
DA:17,61
DA:18,61
DA:19,61
DA:20,61
DA:23,61
DA:24,61
DA:31,60
DA:38,4
DA:45,1
DA:52,17
DA:59,28
DA:66,37
DA:73,0
DA:80,37
DA:87,31
DA:94,2
DA:101,4
DA:108,56
DA:109,56
DA:118,4
DA:119,1
DA:123,43
DA:125,3
DA:132,0
DA:133,0
DA:134,0
DA:136,0
DA:143,106
DA:150,2450
DA:157,46
DA:158,46
DA:159,46
DA:166,31
LF:36
LH:31
BRDA:6,0,0,3
BRDA:6,0,1,3
BRDA:118,1,0,1
BRDA:133,2,0,0
BRF:4
BRH:3
end_of_record
TN:
SF:src/store/GameStore.ts
FN:43,(anonymous_0)
FN:67,(anonymous_1)
FN:91,(anonymous_2)
FN:116,(anonymous_3)
FN:136,(anonymous_4)
FN:150,(anonymous_5)
FN:155,(anonymous_6)
FN:156,(anonymous_7)
FN:164,(anonymous_8)
FN:189,(anonymous_9)
FN:206,(anonymous_10)
FN:230,(anonymous_11)
FN:247,(anonymous_12)
FN:254,(anonymous_13)
FN:261,(anonymous_14)
FN:268,(anonymous_15)
FN:308,(anonymous_16)
FNF:17
FNH:12
FNDA:1,(anonymous_0)
FNDA:6,(anonymous_1)
FNDA:1,(anonymous_2)
FNDA:3,(anonymous_3)
FNDA:0,(anonymous_4)
FNDA:3,(anonymous_5)
FNDA:9,(anonymous_6)
FNDA:162,(anonymous_7)
FNDA:1,(anonymous_8)
FNDA:3,(anonymous_9)
FNDA:1,(anonymous_10)
FNDA:3,(anonymous_11)
FNDA:0,(anonymous_12)
FNDA:0,(anonymous_13)
FNDA:2,(anonymous_14)
FNDA:0,(anonymous_15)
FNDA:0,(anonymous_16)
DA:43,1
DA:45,1
DA:47,1
DA:68,6
DA:70,6
DA:71,6
DA:73,1
DA:84,5
DA:92,1
DA:94,1
DA:95,1
DA:97,1
DA:109,0
DA:117,3
DA:119,3
DA:120,3
DA:122,1
DA:124,1
DA:133,1
DA:135,0
DA:136,0
DA:137,0
DA:141,2
DA:151,3
DA:153,3
DA:154,3
DA:155,9
DA:156,162
DA:158,3
DA:165,1
DA:167,1
DA:168,1
DA:170,1
DA:173,1
DA:175,0
DA:176,0
DA:178,0
DA:179,0
DA:181,0
DA:182,0
DA:184,0
DA:185,0
DA:189,3
DA:191,1
DA:207,1
DA:209,1
DA:210,1
DA:212,1
DA:215,1
DA:217,0
DA:218,0
DA:220,0
DA:221,0
DA:223,0
DA:224,0
DA:226,0
DA:230,3
DA:232,1
DA:248,0
DA:250,0
DA:251,0
DA:254,0
DA:255,0
DA:262,2
DA:269,0
DA:271,0
DA:273,0
DA:275,0
DA:277,0
DA:279,0
DA:281,0
DA:283,0
DA:285,0
DA:287,0
DA:289,0
DA:291,0
DA:293,0
DA:295,0
DA:297,0
DA:299,0
DA:301,0
DA:309,0
DA:311,0
DA:313,0
DA:315,0
DA:319,0
DA:322,0
DA:326,0
DA:329,0
DA:331,0
DA:333,0
DA:335,0
LF:92
LH:40
BRDA:54,0,0,0
BRDA:54,0,1,1
BRDA:58,1,0,1
BRDA:58,1,1,1
BRDA:120,2,0,1
BRDA:120,2,1,2
BRDA:133,3,0,0
BRDA:133,4,0,1
BRDA:133,4,1,0
BRDA:133,4,2,0
BRDA:142,5,0,2
BRDA:142,5,1,0
BRDA:170,6,0,1
BRDA:170,6,1,0
BRDA:170,6,2,0
BRDA:170,6,3,0
BRDA:170,6,4,0
BRDA:194,7,0,1
BRDA:194,7,1,0
BRDA:196,8,0,1
BRDA:196,8,1,0
BRDA:212,9,0,1
BRDA:212,9,1,0
BRDA:212,9,2,0
BRDA:212,9,3,0
BRDA:212,9,4,0
BRDA:235,10,0,1
BRDA:235,10,1,0
BRDA:237,11,0,1
BRDA:237,11,1,0
BRDA:250,12,0,0
BRDA:250,13,0,0
BRDA:250,13,1,0
BRDA:262,14,0,1
BRDA:262,14,1,1
BRDA:269,15,0,0
BRDA:269,16,0,0
BRDA:269,16,1,0
BRDA:271,17,0,0
BRDA:271,17,1,0
BRDA:271,17,2,0
BRDA:271,17,3,0
BRDA:271,17,4,0
BRDA:271,17,5,0
BRDA:271,17,6,0
BRDA:271,17,7,0
BRDA:271,17,8,0
BRDA:271,17,9,0
BRDA:271,17,10,0
BRDA:271,17,11,0
BRDA:271,17,12,0
BRDA:271,17,13,0
BRDA:271,17,14,0
BRDA:309,18,0,0
BRDA:309,19,0,0
BRDA:309,19,1,0
BRDA:311,20,0,0
BRDA:311,20,1,0
BRDA:311,20,2,0
BRDA:311,20,3,0
BRDA:311,20,4,0
BRDA:311,20,5,0
BRDA:311,20,6,0
BRDA:311,20,7,0
BRDA:311,20,8,0
BRDA:311,20,9,0
BRDA:311,20,10,0
BRDA:311,20,11,0
BRDA:311,20,12,0
BRDA:311,20,13,0
BRDA:311,20,14,0
BRF:71
BRH:15
end_of_record
